2023-01-24 21:45:01,943 [+] Client started
2023-01-24 21:45:12,636 [+] Client started
2023-01-24 21:45:23,267 [+] Client started
2023-01-24 21:45:50,071 [+] Finished in 0:00:27
2023-01-24 21:46:55,378 [+] Client started
2023-01-24 21:47:22,178 [+] Finished in 0:00:27
2023-01-24 21:47:42,723 [+] Client started
2023-01-24 21:48:16,355 [+] Client started
2023-01-24 21:48:23,282 [+] Client started
2023-01-24 21:48:23,282 [!] Error: signed integer is greater than maximum
2023-01-24 21:48:23,987 [+] Finished in 0:00:01
2023-01-24 21:49:20,984 [+] Client started
2023-01-24 21:49:36,740 [+] Client started
2023-01-24 21:49:36,741 [!] Error: signed integer is greater than maximum
2023-01-24 21:49:37,445 [+] Finished in 0:00:01
2023-01-24 21:53:35,997 [+] Client started
2023-01-24 21:53:35,997 [!] Error: signed integer is greater than maximum
2023-01-24 21:53:36,703 [+] Finished in 0:00:01
2023-01-24 21:55:02,589 [+] Client started
2023-01-24 21:55:02,590 [!] Error: signed integer is greater than maximum
2023-01-24 21:55:03,294 [+] Finished in 0:00:01
2023-01-24 21:55:43,684 [+] Client started
2023-01-24 21:56:05,842 [+] Client started
2023-01-24 21:56:05,843 [!] Error: signed integer is greater than maximum
2023-01-24 21:56:06,547 [+] Finished in 0:00:01
2023-01-24 21:58:22,068 [+] Client started
2023-01-24 21:58:22,069 [!] Error: signed integer is greater than maximum
2023-01-24 21:58:22,773 [+] Finished in 0:00:01
2023-01-24 22:11:18,195 [+] Client started
2023-01-24 22:11:18,196 [!] Error: signed integer is greater than maximum
2023-01-24 22:11:18,900 [+] Finished in 0:00:01
2023-01-24 22:12:53,200 [+] Client started
2023-01-24 22:12:53,201 [!] Error: argument 2 must be str, not int
2023-01-24 22:12:53,906 [+] Finished in 0:00:01
2023-01-24 22:14:42,610 [+] Client started
2023-01-24 22:15:09,437 [+] Finished in 0:00:27
2023-01-24 22:15:53,100 [+] Client started
2023-01-24 22:16:39,315 [+] Client started
2023-01-24 22:17:06,122 [+] Finished in 0:00:27
2023-01-24 22:18:01,257 [+] Client started
2023-01-24 22:18:24,000 [+] Client started
2023-01-24 22:18:24,705 [+] Finished in 0:00:01
2023-01-24 22:19:26,196 [+] Client started
2023-01-24 22:20:02,767 [+] Client started
2023-01-24 22:20:29,571 [+] Finished in 0:00:27
2023-01-24 22:21:16,015 [+] Client started
2023-01-24 22:22:19,701 [+] Client started
2023-01-24 22:22:46,499 [+] Finished in 0:00:27
2023-01-24 22:28:45,872 [+] Client started
2023-01-24 22:29:12,679 [+] Finished in 0:00:27
2023-01-24 22:34:50,211 [+] Client started
2023-01-24 22:35:17,003 [+] Finished in 0:00:27
2023-01-24 22:36:12,400 [+] Client started
2023-01-24 22:36:32,259 [+] Client started
2023-01-24 22:36:59,065 [+] Finished in 0:00:27
2023-01-24 22:39:53,437 [+] Client started
2023-01-24 22:41:41,627 [+] Finished in 0:01:48
2023-01-24 23:28:23,074 [+] Client started
2023-01-24 23:28:23,075 [!] Error: function takes exactly 6 arguments (7 given)
2023-01-24 23:28:23,781 [+] Finished in 0:00:01
2023-01-24 23:31:01,054 [+] Client started
2023-01-24 23:32:49,214 [+] Finished in 0:01:48
2023-01-24 23:48:10,634 [+] Client started
2023-01-24 23:49:58,765 [+] Finished in 0:01:48
2023-01-26 18:44:08,481 [+] Client started
2023-01-26 18:45:16,451 [+] Finished in 0:01:08
2023-01-26 18:48:26,477 [+] Client started
2023-01-26 18:50:05,720 [+] Client started
2023-01-26 18:54:09,014 [+] Finished in 0:04:03
2023-01-26 18:54:21,541 [+] Client started
2023-01-26 18:55:04,968 [+] Client started
2023-01-26 18:56:46,174 [+] Finished in 0:01:41
2023-01-26 18:56:55,576 [+] Client started
2023-01-26 18:58:35,667 [+] Finished in 0:01:40
2023-01-26 19:00:34,881 [+] Client started
2023-01-26 19:01:26,133 [+] Client started
2023-01-26 19:01:45,026 [+] Client started
2023-01-26 19:05:25,911 [+] Client started
2023-01-26 19:07:05,045 Length: 1; CON: 0; NOCON 99 in 0:01:38
2023-01-26 19:08:44,205 Length: 2; CON: 0; NOCON 99 in 0:03:17
2023-01-26 19:10:23,410 Length: 3; CON: 0; NOCON 99 in 0:04:56
2023-01-26 19:12:02,596 Length: 4; CON: 0; NOCON 99 in 0:06:36
2023-01-26 19:13:41,827 Length: 5; CON: 0; NOCON 99 in 0:08:15
2023-01-26 19:15:21,072 Length: 6; CON: 0; NOCON 99 in 0:09:54
2023-01-26 19:17:00,339 Length: 7; CON: 0; NOCON 99 in 0:11:33
2023-01-26 19:18:39,576 Length: 8; CON: 0; NOCON 99 in 0:13:13
2023-01-26 19:20:18,788 Length: 9; CON: 0; NOCON 99 in 0:14:52
2023-01-26 19:21:58,010 Length: 10; CON: 0; NOCON 99 in 0:16:31
2023-01-26 19:23:37,269 Length: 11; CON: 0; NOCON 99 in 0:18:10
2023-01-26 19:25:16,511 Length: 12; CON: 0; NOCON 99 in 0:19:50
2023-01-26 19:26:55,745 Length: 13; CON: 0; NOCON 99 in 0:21:29
2023-01-26 19:28:34,997 Length: 14; CON: 0; NOCON 99 in 0:23:08
2023-01-26 19:30:14,251 Length: 15; CON: 0; NOCON 99 in 0:24:47
2023-01-26 19:31:53,516 Length: 16; CON: 0; NOCON 99 in 0:26:27
2023-01-26 19:33:32,850 Length: 17; CON: 0; NOCON 99 in 0:28:06
2023-01-26 19:35:12,180 Length: 18; CON: 0; NOCON 99 in 0:29:45
2023-01-26 19:36:51,501 Length: 19; CON: 0; NOCON 99 in 0:31:25
2023-01-26 19:38:30,786 Length: 20; CON: 0; NOCON 99 in 0:33:04
2023-01-26 19:40:10,162 Length: 21; CON: 0; NOCON 99 in 0:34:43
2023-01-26 19:41:49,529 Length: 22; CON: 0; NOCON 99 in 0:36:23
2023-01-26 19:43:28,924 Length: 23; CON: 0; NOCON 99 in 0:38:02
2023-01-26 19:45:08,289 Length: 24; CON: 0; NOCON 99 in 0:39:41
2023-01-26 19:46:47,667 Length: 25; CON: 0; NOCON 99 in 0:41:21
2023-01-26 19:48:27,047 Length: 26; CON: 0; NOCON 99 in 0:43:00
2023-01-26 19:50:06,457 Length: 27; CON: 0; NOCON 99 in 0:44:40
2023-01-26 19:51:45,838 Length: 28; CON: 0; NOCON 99 in 0:46:19
2023-01-26 19:53:25,263 Length: 29; CON: 0; NOCON 99 in 0:47:58
2023-01-26 19:55:04,694 Length: 30; CON: 0; NOCON 99 in 0:49:38
2023-01-26 19:56:44,117 Length: 31; CON: 0; NOCON 99 in 0:51:17
2023-01-26 19:58:23,521 Length: 32; CON: 0; NOCON 99 in 0:52:57
2023-01-26 20:00:02,918 Length: 33; CON: 0; NOCON 99 in 0:54:36
2023-01-26 20:01:42,301 Length: 34; CON: 0; NOCON 99 in 0:56:15
2023-01-26 20:03:21,694 Length: 35; CON: 0; NOCON 99 in 0:57:55
2023-01-26 20:05:01,100 Length: 36; CON: 0; NOCON 99 in 0:59:34
2023-01-26 20:06:40,521 Length: 37; CON: 0; NOCON 99 in 1:01:14
2023-01-26 20:08:19,953 Length: 38; CON: 0; NOCON 99 in 1:02:53
2023-01-26 20:09:59,379 Length: 39; CON: 0; NOCON 99 in 1:04:32
2023-01-26 20:11:38,819 Length: 40; CON: 0; NOCON 99 in 1:06:12
2023-01-26 20:13:18,263 Length: 41; CON: 0; NOCON 99 in 1:07:51
2023-01-26 20:14:57,740 Length: 42; CON: 0; NOCON 99 in 1:09:31
2023-01-26 20:16:37,274 Length: 43; CON: 0; NOCON 99 in 1:11:10
2023-01-26 20:18:16,775 Length: 44; CON: 0; NOCON 99 in 1:12:50
2023-01-26 20:19:56,239 Length: 45; CON: 0; NOCON 99 in 1:14:29
2023-01-26 20:21:35,704 Length: 46; CON: 0; NOCON 99 in 1:16:09
2023-01-26 20:23:15,177 Length: 47; CON: 0; NOCON 99 in 1:17:48
2023-01-26 20:24:54,675 Length: 48; CON: 0; NOCON 99 in 1:19:28
2023-01-26 20:26:34,185 Length: 49; CON: 0; NOCON 99 in 1:21:07
2023-01-26 20:28:13,683 Length: 50; CON: 0; NOCON 99 in 1:22:47
2023-01-26 20:29:53,242 Length: 51; CON: 0; NOCON 99 in 1:24:26
2023-01-26 20:31:32,787 Length: 52; CON: 0; NOCON 99 in 1:26:06
2023-01-26 20:33:12,374 Length: 53; CON: 0; NOCON 99 in 1:27:45
2023-01-26 20:34:51,887 Length: 54; CON: 0; NOCON 99 in 1:29:25
2023-01-26 20:36:31,421 Length: 55; CON: 0; NOCON 99 in 1:31:05
2023-01-26 20:38:11,064 Length: 56; CON: 0; NOCON 99 in 1:32:44
2023-01-26 20:39:50,684 Length: 57; CON: 0; NOCON 99 in 1:34:24
2023-01-26 20:41:30,285 Length: 58; CON: 0; NOCON 99 in 1:36:03
2023-01-26 20:43:09,877 Length: 59; CON: 0; NOCON 99 in 1:37:43
2023-01-26 20:44:49,451 Length: 60; CON: 0; NOCON 99 in 1:39:23
2023-01-26 20:46:29,090 Length: 61; CON: 0; NOCON 99 in 1:41:02
2023-01-26 20:48:08,683 Length: 62; CON: 0; NOCON 99 in 1:42:42
2023-01-26 20:49:48,372 Length: 63; CON: 0; NOCON 99 in 1:44:21
2023-01-26 20:51:27,989 Length: 64; CON: 0; NOCON 99 in 1:46:01
2023-01-26 20:53:07,600 Length: 65; CON: 0; NOCON 99 in 1:47:41
2023-01-26 20:54:47,282 Length: 66; CON: 0; NOCON 99 in 1:49:20
2023-01-26 20:56:26,967 Length: 67; CON: 0; NOCON 99 in 1:51:00
2023-01-26 20:58:06,623 Length: 68; CON: 0; NOCON 99 in 1:52:40
2023-01-26 20:59:46,251 Length: 69; CON: 0; NOCON 99 in 1:54:19
2023-01-26 21:01:25,937 Length: 70; CON: 0; NOCON 99 in 1:55:59
2023-01-26 21:03:05,641 Length: 71; CON: 0; NOCON 99 in 1:57:39
2023-01-26 21:04:45,387 Length: 72; CON: 0; NOCON 99 in 1:59:18
2023-01-26 21:06:25,067 Length: 73; CON: 0; NOCON 99 in 2:00:58
2023-01-26 21:08:04,794 Length: 74; CON: 0; NOCON 99 in 2:02:38
2023-01-26 21:09:44,541 Length: 75; CON: 0; NOCON 99 in 2:04:18
2023-01-26 21:11:24,254 Length: 76; CON: 0; NOCON 99 in 2:05:57
2023-01-26 21:13:03,922 Length: 77; CON: 0; NOCON 99 in 2:07:37
2023-01-26 21:14:43,632 Length: 78; CON: 0; NOCON 99 in 2:09:17
2023-01-26 21:16:23,355 Length: 79; CON: 0; NOCON 99 in 2:10:56
2023-01-26 21:18:03,159 Length: 80; CON: 0; NOCON 99 in 2:12:36
2023-01-26 21:19:42,869 Length: 81; CON: 0; NOCON 99 in 2:14:16
2023-01-26 21:21:22,611 Length: 82; CON: 0; NOCON 99 in 2:15:56
2023-01-26 21:23:02,365 Length: 83; CON: 0; NOCON 99 in 2:17:35
2023-01-26 21:24:42,112 Length: 84; CON: 0; NOCON 99 in 2:19:15
2023-01-26 21:26:21,944 Length: 85; CON: 0; NOCON 99 in 2:20:55
2023-01-26 21:28:01,699 Length: 86; CON: 0; NOCON 99 in 2:22:35
2023-01-26 21:29:41,508 Length: 87; CON: 0; NOCON 99 in 2:24:15
2023-01-26 21:31:21,329 Length: 88; CON: 0; NOCON 99 in 2:25:54
2023-01-26 21:33:01,102 Length: 89; CON: 0; NOCON 99 in 2:27:34
2023-01-26 21:34:40,903 Length: 90; CON: 0; NOCON 99 in 2:29:14
2023-01-26 21:36:20,721 Length: 91; CON: 0; NOCON 99 in 2:30:54
2023-01-26 21:38:00,542 Length: 92; CON: 0; NOCON 99 in 2:32:34
2023-01-26 21:39:40,332 Length: 93; CON: 0; NOCON 99 in 2:34:13
2023-01-26 21:41:20,153 Length: 94; CON: 0; NOCON 99 in 2:35:53
2023-01-26 21:43:00,032 Length: 95; CON: 0; NOCON 99 in 2:37:33
2023-01-26 21:44:39,903 Length: 96; CON: 0; NOCON 99 in 2:39:13
2023-01-26 21:46:19,720 Length: 97; CON: 0; NOCON 99 in 2:40:53
2023-01-26 21:47:59,587 Length: 98; CON: 0; NOCON 99 in 2:42:33
2023-01-26 21:49:39,451 Length: 99; CON: 0; NOCON 99 in 2:44:13
2023-01-26 21:49:40,620 [+] Finished in 2:44:15
2023-01-27 12:46:17,897 [+] Client started
2023-01-27 12:47:57,046 Length: 1; CON: 6; NOCON 93 in 0:01:38
2023-01-27 12:49:36,218 Length: 2; CON: 1; NOCON 98 in 0:03:17
2023-01-27 12:51:15,394 Length: 3; CON: 0; NOCON 99 in 0:04:56
2023-01-27 12:52:54,567 Length: 4; CON: 0; NOCON 99 in 0:06:36
2023-01-27 12:54:33,765 Length: 5; CON: 0; NOCON 99 in 0:08:15
2023-01-27 12:56:13,017 Length: 6; CON: 0; NOCON 99 in 0:09:54
2023-01-27 12:57:52,311 Length: 7; CON: 0; NOCON 99 in 0:11:33
2023-01-27 12:59:31,541 Length: 8; CON: 0; NOCON 99 in 0:13:13
2023-01-27 13:01:10,769 Length: 9; CON: 0; NOCON 99 in 0:14:52
2023-01-27 13:02:50,004 Length: 10; CON: 0; NOCON 99 in 0:16:31
2023-01-27 13:04:29,293 Length: 11; CON: 0; NOCON 99 in 0:18:10
2023-01-27 13:06:08,549 Length: 12; CON: 0; NOCON 99 in 0:19:50
2023-01-27 13:07:47,859 Length: 13; CON: 0; NOCON 99 in 0:21:29
2023-01-27 13:09:27,140 Length: 14; CON: 0; NOCON 99 in 0:23:08
2023-01-27 13:11:06,408 Length: 15; CON: 0; NOCON 99 in 0:24:48
2023-01-27 13:12:45,685 Length: 16; CON: 0; NOCON 99 in 0:26:27
2023-01-27 13:14:24,985 Length: 17; CON: 0; NOCON 99 in 0:28:06
2023-01-27 13:16:04,386 Length: 18; CON: 0; NOCON 99 in 0:29:45
2023-01-27 13:17:43,757 Length: 19; CON: 0; NOCON 99 in 0:31:25
2023-01-27 13:19:23,065 Length: 20; CON: 0; NOCON 99 in 0:33:04
2023-01-27 13:21:02,395 Length: 21; CON: 0; NOCON 99 in 0:34:43
2023-01-27 13:22:41,691 Length: 22; CON: 0; NOCON 99 in 0:36:23
2023-01-27 13:24:21,029 Length: 23; CON: 0; NOCON 99 in 0:38:02
2023-01-27 13:26:00,341 Length: 24; CON: 0; NOCON 99 in 0:39:41
2023-01-27 13:27:39,687 Length: 25; CON: 0; NOCON 99 in 0:41:21
2023-01-27 13:29:19,048 Length: 26; CON: 0; NOCON 99 in 0:43:00
2023-01-27 13:30:58,469 Length: 27; CON: 0; NOCON 99 in 0:44:40
2023-01-27 13:32:37,935 Length: 28; CON: 0; NOCON 99 in 0:46:19
2023-01-27 13:34:17,363 Length: 29; CON: 0; NOCON 99 in 0:47:58
2023-01-27 13:35:56,733 Length: 30; CON: 0; NOCON 99 in 0:49:38
2023-01-27 13:37:36,131 Length: 31; CON: 0; NOCON 99 in 0:51:17
2023-01-27 13:39:15,523 Length: 32; CON: 0; NOCON 99 in 0:52:57
2023-01-27 13:40:55,028 Length: 33; CON: 0; NOCON 99 in 0:54:36
2023-01-27 13:42:34,472 Length: 34; CON: 0; NOCON 99 in 0:56:16
2023-01-27 13:44:13,915 Length: 35; CON: 0; NOCON 99 in 0:57:55
2023-01-27 13:45:53,325 Length: 36; CON: 0; NOCON 99 in 0:59:34
2023-01-27 13:47:32,735 Length: 37; CON: 0; NOCON 99 in 1:01:14
2023-01-27 13:49:12,157 Length: 38; CON: 0; NOCON 99 in 1:02:53
2023-01-27 13:50:51,600 Length: 39; CON: 0; NOCON 99 in 1:04:33
2023-01-27 13:52:31,060 Length: 40; CON: 0; NOCON 99 in 1:06:12
2023-01-27 13:54:10,532 Length: 41; CON: 0; NOCON 99 in 1:07:52
2023-01-27 13:55:49,985 Length: 42; CON: 0; NOCON 99 in 1:09:31
2023-01-27 13:57:29,435 Length: 43; CON: 0; NOCON 99 in 1:11:11
2023-01-27 13:59:08,890 Length: 44; CON: 0; NOCON 99 in 1:12:50
2023-01-27 14:00:48,417 Length: 45; CON: 0; NOCON 99 in 1:14:30
2023-01-27 14:02:27,931 Length: 46; CON: 0; NOCON 99 in 1:16:09
2023-01-27 14:04:07,401 Length: 47; CON: 0; NOCON 99 in 1:17:49
2023-01-27 14:05:46,884 Length: 48; CON: 0; NOCON 99 in 1:19:28
2023-01-27 14:07:26,374 Length: 49; CON: 0; NOCON 99 in 1:21:07
2023-01-27 14:09:05,878 Length: 50; CON: 0; NOCON 99 in 1:22:47
2023-01-27 14:10:45,412 Length: 51; CON: 0; NOCON 99 in 1:24:27
2023-01-27 14:12:24,976 Length: 52; CON: 0; NOCON 99 in 1:26:06
2023-01-27 14:14:04,537 Length: 53; CON: 0; NOCON 99 in 1:27:46
2023-01-27 14:15:44,113 Length: 54; CON: 0; NOCON 99 in 1:29:25
2023-01-27 14:17:23,672 Length: 55; CON: 0; NOCON 99 in 1:31:05
2023-01-27 14:19:03,267 Length: 56; CON: 0; NOCON 99 in 1:32:44
2023-01-27 14:20:42,842 Length: 57; CON: 0; NOCON 99 in 1:34:24
2023-01-27 14:22:22,407 Length: 58; CON: 0; NOCON 99 in 1:36:04
2023-01-27 14:24:02,027 Length: 59; CON: 0; NOCON 99 in 1:37:43
2023-01-27 14:25:41,608 Length: 60; CON: 0; NOCON 99 in 1:39:23
2023-01-27 14:27:21,243 Length: 61; CON: 0; NOCON 99 in 1:41:02
2023-01-27 14:29:00,853 Length: 62; CON: 0; NOCON 99 in 1:42:42
2023-01-27 14:30:40,504 Length: 63; CON: 0; NOCON 99 in 1:44:22
2023-01-27 14:32:20,111 Length: 64; CON: 0; NOCON 99 in 1:46:01
2023-01-27 14:33:59,720 Length: 65; CON: 0; NOCON 99 in 1:47:41
2023-01-27 14:35:39,427 Length: 66; CON: 0; NOCON 99 in 1:49:21
2023-01-27 14:37:19,161 Length: 67; CON: 0; NOCON 99 in 1:51:00
2023-01-27 14:38:58,832 Length: 68; CON: 0; NOCON 99 in 1:52:40
2023-01-27 14:40:38,520 Length: 69; CON: 0; NOCON 99 in 1:54:20
2023-01-27 14:42:18,113 Length: 70; CON: 0; NOCON 99 in 1:55:59
2023-01-27 14:43:57,753 Length: 71; CON: 0; NOCON 99 in 1:57:39
2023-01-27 14:45:37,414 Length: 72; CON: 0; NOCON 99 in 1:59:19
2023-01-27 14:47:17,057 Length: 73; CON: 0; NOCON 99 in 2:00:58
2023-01-27 14:48:56,769 Length: 74; CON: 0; NOCON 99 in 2:02:38
2023-01-27 14:50:36,491 Length: 75; CON: 0; NOCON 99 in 2:04:18
2023-01-27 14:52:16,228 Length: 76; CON: 0; NOCON 99 in 2:05:57
2023-01-27 14:53:55,914 Length: 77; CON: 0; NOCON 99 in 2:07:37
2023-01-27 14:55:35,584 Length: 78; CON: 0; NOCON 99 in 2:09:17
2023-01-27 14:57:15,320 Length: 79; CON: 0; NOCON 99 in 2:10:56
2023-01-27 14:58:55,148 Length: 80; CON: 0; NOCON 99 in 2:12:36
2023-01-27 15:00:34,931 Length: 81; CON: 0; NOCON 99 in 2:14:16
2023-01-27 15:02:14,713 Length: 82; CON: 0; NOCON 99 in 2:15:56
2023-01-27 15:03:54,550 Length: 83; CON: 0; NOCON 99 in 2:17:36
2023-01-27 15:05:34,390 Length: 84; CON: 0; NOCON 99 in 2:19:15
2023-01-27 15:07:14,137 Length: 85; CON: 0; NOCON 99 in 2:20:55
2023-01-27 15:08:53,927 Length: 86; CON: 0; NOCON 99 in 2:22:35
2023-01-27 15:10:33,650 Length: 87; CON: 0; NOCON 99 in 2:24:15
2023-01-27 15:12:13,498 Length: 88; CON: 0; NOCON 99 in 2:25:55
2023-01-27 15:13:53,319 Length: 89; CON: 0; NOCON 99 in 2:27:34
2023-01-27 15:15:33,127 Length: 90; CON: 0; NOCON 99 in 2:29:14
2023-01-27 15:17:12,944 Length: 91; CON: 0; NOCON 99 in 2:30:54
2023-01-27 15:18:52,813 Length: 92; CON: 0; NOCON 99 in 2:32:34
2023-01-27 15:20:32,629 Length: 93; CON: 0; NOCON 99 in 2:34:14
2023-01-27 15:22:12,537 Length: 94; CON: 0; NOCON 99 in 2:35:54
2023-01-27 15:23:52,355 Length: 95; CON: 0; NOCON 99 in 2:37:33
2023-01-27 15:25:32,208 Length: 96; CON: 0; NOCON 99 in 2:39:13
2023-01-27 15:27:12,014 Length: 97; CON: 0; NOCON 99 in 2:40:53
2023-01-27 15:28:51,870 Length: 98; CON: 0; NOCON 99 in 2:42:33
2023-01-27 15:30:31,616 Length: 99; CON: 0; NOCON 99 in 2:44:13
2023-01-27 15:30:32,845 [+] Finished in 2:44:15
2023-01-31 13:25:16,722 [+] Client started
2023-01-31 13:26:55,862 Length: 1; CON: 29; NOCON 70 in 0:01:38
2023-01-31 13:28:35,004 Length: 2; CON: 26; NOCON 73 in 0:03:17
2023-01-31 13:29:27,616 [+] Client started
2023-01-31 13:30:17,205 Length: 1; CON: 3; NOCON 96 in 0:00:49
2023-01-31 13:30:32,386 [+] Client started
2023-01-31 13:31:21,974 Length: 1; CON: 0; NOCON 99 in 0:00:49
2023-01-31 13:32:11,568 Length: 2; CON: 0; NOCON 99 in 0:01:39
2023-01-31 13:33:01,174 Length: 3; CON: 0; NOCON 99 in 0:02:28
2023-01-31 13:33:50,775 Length: 4; CON: 0; NOCON 99 in 0:03:18
2023-01-31 13:34:40,373 Length: 5; CON: 0; NOCON 99 in 0:04:07
2023-01-31 13:35:30,014 Length: 6; CON: 0; NOCON 99 in 0:04:57
2023-01-31 13:35:52,273 [+] Client started
2023-01-31 13:36:41,860 Length: 1; CON: 0; NOCON 99 in 0:00:49
2023-01-31 13:37:31,455 Length: 2; CON: 0; NOCON 99 in 0:01:39
2023-01-31 13:37:57,508 [+] Client started
2023-01-31 13:37:59,215 [+] Finished in 0:00:02
2023-01-31 13:38:05,135 [+] Client started
2023-01-31 13:38:07,674 [+] Finished in 0:00:03
2023-01-31 13:38:28,125 [+] Client started
2023-01-31 13:38:30,666 [+] Finished in 0:00:03
2023-01-31 13:43:52,170 [+] Client started
2023-01-31 13:45:29,155 [+] Client started
2023-01-31 13:45:55,260 [+] Client started
2023-01-31 13:46:27,887 [+] Client started
2023-01-31 13:50:30,883 [+] Client started
2023-01-31 13:50:58,688 [+] Client started
2023-01-31 13:52:32,745 [+] Client started
2023-01-31 13:52:34,452 [+] Finished in 0:00:02
2023-01-31 13:53:33,199 [+] Client started
2023-01-31 13:53:42,322 [+] Client started
2023-01-31 13:54:37,510 [+] Client started
2023-01-31 13:55:02,591 [+] Client started
2023-01-31 13:55:22,760 [+] Client started
2023-01-31 13:55:39,082 [+] Client started
2023-01-31 13:56:10,859 [+] Client started
2023-01-31 13:56:34,170 [+] Client started
2023-01-31 13:56:39,225 [+] Client started
2023-01-31 14:01:11,331 [+] Client started
2023-01-31 14:01:13,037 [+] Finished in 0:00:02
2023-01-31 14:01:28,004 [+] Client started
2023-01-31 14:01:30,542 [+] Finished in 0:00:03
2023-01-31 14:01:53,642 [+] Client started
2023-01-31 14:01:56,182 [+] Finished in 0:00:03
2023-01-31 14:02:55,099 [+] Client started
2023-01-31 14:02:56,805 [+] Finished in 0:00:02
2023-01-31 14:04:18,007 [+] Client started
2023-01-31 14:04:19,715 [+] Finished in 0:00:02
2023-01-31 14:06:20,100 [+] Client started
2023-01-31 14:06:21,807 [+] Finished in 0:00:02
2023-01-31 14:07:37,715 [+] Client started
2023-01-31 14:07:39,421 [+] Finished in 0:00:02
2023-01-31 14:08:45,280 [+] Client started
2023-01-31 14:08:46,987 [+] Finished in 0:00:02
2023-01-31 14:11:35,992 [+] Client started
2023-01-31 14:11:37,700 [+] Finished in 0:00:02
2023-01-31 14:18:19,312 [+] Client started
2023-01-31 14:18:21,017 [+] Finished in 0:00:02
2023-01-31 14:19:20,578 [+] Client started
2023-01-31 14:19:23,134 [+] Finished in 0:00:03
2023-01-31 14:20:16,939 [+] Client started
2023-01-31 14:20:18,646 [+] Finished in 0:00:02
2023-01-31 14:21:07,799 [+] Client started
2023-01-31 14:21:10,334 [+] Finished in 0:00:03
2023-01-31 14:21:17,455 [+] Client started
2023-01-31 14:21:19,990 [+] Finished in 0:00:03
2023-01-31 14:22:27,508 [+] Client started
2023-01-31 14:22:29,214 [+] Finished in 0:00:02
2023-01-31 14:22:49,708 [+] Client started
2023-01-31 14:22:52,241 [+] Finished in 0:00:03
2023-01-31 14:25:44,241 [+] Client started
2023-01-31 14:25:45,948 [+] Finished in 0:00:02
2023-01-31 14:27:29,496 [+] Client started
2023-01-31 14:27:31,204 [+] Finished in 0:00:02
2023-01-31 14:27:44,410 [+] Client started
2023-01-31 14:27:46,946 [+] Finished in 0:00:03
2023-01-31 14:28:00,945 [+] Client started
2023-01-31 14:28:03,494 [+] Finished in 0:00:03
2023-01-31 14:31:31,589 [+] Client started
2023-01-31 14:31:33,295 [+] Finished in 0:00:02
2023-01-31 14:31:59,761 [+] Client started
2023-01-31 14:32:02,294 [+] Finished in 0:00:03
2023-01-31 14:32:58,011 [+] Client started
2023-01-31 14:32:59,718 [+] Finished in 0:00:02
2023-01-31 14:33:33,635 [+] Client started
2023-01-31 14:34:07,994 [+] Client started
2023-01-31 14:34:31,651 [+] Client started
2023-01-31 14:35:26,219 [+] Client started
2023-01-31 14:35:45,031 [+] Client started
2023-01-31 14:35:45,032 [!] Error: name 'l' is not defined
2023-01-31 14:35:47,074 [+] Finished in 0:00:02
2023-01-31 14:36:13,454 [+] Client started
2023-01-31 14:37:31,042 [+] Client started
2023-01-31 14:37:31,042 [!] Error: argument 7 must be str, not int
2023-01-31 14:37:31,745 [+] Finished in 0:00:01
2023-01-31 14:38:16,288 [+] Client started
2023-01-31 14:38:30,394 [+] Client started
2023-01-31 14:38:35,043 [+] Client started
2023-01-31 14:40:52,401 [+] Client started
2023-01-31 14:42:54,869 [+] Client started
2023-01-31 14:43:44,460 CON: 0; NOCON 99 in 0:00:49
2023-01-31 14:43:44,743 [+] Finished in 0:00:50
2023-01-31 14:48:18,548 [+] Client started
2023-01-31 14:49:08,146 CON: 24; NOCON 75 in 0:00:49
2023-01-31 14:49:08,455 [+] Finished in 0:00:50
2023-02-08 13:06:31,651 [+] Client started
2023-02-08 13:07:21,242 CON: 0; NOCON 0 in 0:00:49
2023-02-08 13:07:21,553 [+] Finished in 0:00:50
2023-02-08 13:15:46,042 [+] Client started
2023-02-08 13:16:35,632 CON: 0; NOCON 0 in 0:00:49
2023-02-08 13:16:35,915 [+] Finished in 0:00:50
2023-02-08 13:17:45,591 [+] Client started
2023-02-08 13:18:35,180 CON: 0; NOCON 0 in 0:00:49
2023-02-08 13:18:35,463 [+] Finished in 0:00:50
2023-02-08 13:19:53,887 [+] Client started
2023-02-08 13:20:43,474 CON: 0; NOCON 0 in 0:00:49
2023-02-08 13:20:43,750 [+] Finished in 0:00:50
2023-02-08 13:26:59,267 [+] Client started
2023-02-08 13:27:48,854 CON: 0; NOCON 0 in 0:00:49
2023-02-08 13:27:49,170 [+] Finished in 0:00:50
2023-02-08 13:32:07,221 [+] Client started
2023-02-08 13:32:56,810 CON: 0; NOCON 0 in 0:00:49
2023-02-08 13:32:57,121 [+] Finished in 0:00:50
2023-02-08 13:36:01,805 [+] Client started
2023-02-08 13:36:59,266 [+] Client started
2023-02-08 13:37:05,487 [+] Client started
2023-02-08 13:37:53,473 [+] Client started
2023-02-08 13:38:11,535 [+] Client started
2023-02-08 13:39:01,123 CON: 0; NOCON 0 in 0:00:49
2023-02-08 13:39:01,409 [+] Finished in 0:00:50
2023-02-08 13:39:23,149 [+] Client started
2023-02-08 13:39:37,054 [+] Finished in 0:00:14
2023-02-08 13:40:38,074 [+] Client started
2023-02-08 13:41:27,659 CON: 0; NOCON 0 in 0:00:49
2023-02-08 13:41:27,938 [+] Finished in 0:00:50
2023-02-08 13:42:21,251 [+] Client started
2023-02-08 13:46:13,733 [+] Client started
2023-02-08 13:46:41,530 [+] Finished in 0:00:28
2023-02-08 13:46:48,961 [+] Client started
2023-02-08 13:47:38,550 CON: 0; NOCON 0 in 0:00:49
2023-02-08 13:47:40,590 [+] Finished in 0:00:52
2023-02-08 13:48:21,779 [+] Client started
2023-02-08 13:49:11,367 CON: 0; NOCON 0 in 0:00:49
2023-02-08 13:49:11,674 [+] Finished in 0:00:50
2023-02-08 13:49:41,594 [+] Client started
2023-02-08 13:50:31,177 CON: 0; NOCON 0 in 0:00:49
2023-02-08 13:50:33,214 [+] Finished in 0:00:52
2023-02-08 13:54:10,187 [+] Client started
2023-02-08 13:54:59,770 CON: 0; NOCON 0 in 0:00:49
2023-02-08 13:55:00,035 [+] Finished in 0:00:50
2023-02-08 13:55:12,836 [+] Client started
2023-02-08 13:56:02,424 CON: 0; NOCON 0 in 0:00:49
2023-02-08 13:56:04,470 [+] Finished in 0:00:52
2023-02-08 13:57:29,652 [+] Client started
2023-02-08 13:57:43,309 [+] Client started
2023-02-08 13:58:10,565 [+] Client started
2023-02-08 13:58:33,299 [+] Client started
2023-02-08 13:58:38,424 [+] Client started
2023-02-08 14:01:01,459 [+] Client started
2023-02-08 14:01:51,050 CON: 0; NOCON 0 in 0:00:49
2023-02-08 14:01:51,385 [+] Finished in 0:00:50
2023-02-08 14:27:08,540 [+] Client started
2023-02-08 14:29:39,259 [+] Client started
2023-02-08 14:29:55,030 [+] Finished in 0:00:16
2023-02-08 14:33:34,151 [+] Client started
2023-02-08 14:34:23,752 CON: 25; NOCON 74 in 0:00:49
2023-02-08 14:34:24,060 [+] Finished in 0:00:50
2023-02-08 14:35:20,124 [+] Client started
2023-02-08 14:36:09,722 CON: 21; NOCON 78 in 0:00:49
2023-02-08 14:36:11,774 [+] Finished in 0:00:52
2023-02-10 21:38:08,255 [+] Client started
2023-02-10 21:38:08,255 [!] Error: function takes exactly 7 arguments (9 given)
2023-02-10 21:38:35,190 [+] Client started
2023-02-10 21:38:35,191 [!] Error: function takes exactly 7 arguments (9 given)
2023-02-10 21:38:52,249 [+] Client started
2023-02-10 21:38:52,249 [!] Error: function takes exactly 7 arguments (9 given)
2023-02-10 21:39:34,737 [+] Client started
2023-02-10 21:40:24,332 CON: 0; NOCON 50 in 0:00:49
2023-02-10 21:40:24,645 [+] Finished in 0:00:50
2023-02-10 21:40:42,764 [+] Client started
2023-02-10 21:41:32,365 CON: 0; NOCON 50 in 0:00:49
2023-02-10 21:41:34,398 [+] Finished in 0:00:52
