2023-10-26 16:27:57,794 [+] Client started
2023-10-26 16:27:58,295 [+] Noise Client started
2023-10-26 16:27:58,796 [+] Noise Client started
2023-10-26 16:27:59,298 [+] Noise Client started
2023-10-26 16:27:59,799 [+] Noise Client started
2023-10-26 16:28:09,866 IC: True | CON: 100; NOCON: 0 in 0:00:10 with 0.1s delay
2023-10-26 16:28:19,939 IC: False | CON: 6; NOCON: 94 in 0:00:20 with 0.1s delay
2023-10-26 16:28:30,035 IC: True | CON: 98; NOCON: 2 in 0:00:30 with 0.1s delay
2023-10-26 16:28:40,108 IC: False | CON: 6; NOCON: 94 in 0:00:40 with 0.1s delay
2023-10-26 16:28:50,192 IC: True | CON: 98; NOCON: 2 in 0:00:50 with 0.1s delay
2023-10-26 16:29:00,266 IC: False | CON: 54; NOCON: 46 in 0:01:00 with 0.1s delay
2023-10-26 16:29:10,337 IC: True | CON: 100; NOCON: 0 in 0:01:10 with 0.1s delay
2023-10-26 16:29:20,416 IC: False | CON: 97; NOCON: 3 in 0:01:21 with 0.1s delay
2023-10-26 16:29:30,497 IC: True | CON: 99; NOCON: 1 in 0:01:31 with 0.1s delay
2023-10-26 16:29:40,578 IC: False | CON: 58; NOCON: 42 in 0:01:41 with 0.1s delay
2023-10-26 16:29:50,666 IC: True | CON: 100; NOCON: 0 in 0:01:51 with 0.1s delay
2023-10-26 16:30:00,749 IC: False | CON: 57; NOCON: 43 in 0:02:01 with 0.1s delay
2023-10-26 16:30:10,835 IC: True | CON: 100; NOCON: 0 in 0:02:11 with 0.1s delay
2023-10-26 16:30:20,931 IC: False | CON: 60; NOCON: 40 in 0:02:21 with 0.1s delay
2023-10-26 16:30:31,020 IC: True | CON: 99; NOCON: 1 in 0:02:31 with 0.1s delay
2023-10-26 16:30:41,110 IC: False | CON: 74; NOCON: 26 in 0:02:41 with 0.1s delay
2023-10-26 16:30:51,197 IC: True | CON: 100; NOCON: 0 in 0:02:51 with 0.1s delay
2023-10-26 16:31:01,277 IC: False | CON: 62; NOCON: 38 in 0:03:01 with 0.1s delay
2023-10-26 16:31:11,372 IC: True | CON: 100; NOCON: 0 in 0:03:11 with 0.1s delay
2023-10-26 16:31:21,466 IC: False | CON: 64; NOCON: 36 in 0:03:22 with 0.1s delay
2023-10-26 16:31:31,564 IC: True | CON: 99; NOCON: 1 in 0:03:32 with 0.1s delay
2023-10-26 16:31:41,666 IC: False | CON: 67; NOCON: 33 in 0:03:42 with 0.1s delay
2023-10-26 16:31:51,761 IC: True | CON: 98; NOCON: 2 in 0:03:52 with 0.1s delay
2023-10-26 16:32:01,857 IC: False | CON: 61; NOCON: 39 in 0:04:02 with 0.1s delay
2023-10-26 16:32:11,961 IC: True | CON: 100; NOCON: 0 in 0:04:12 with 0.1s delay
2023-10-26 16:32:22,053 IC: False | CON: 65; NOCON: 35 in 0:04:22 with 0.1s delay
2023-10-26 16:32:32,148 IC: True | CON: 100; NOCON: 0 in 0:04:32 with 0.1s delay
2023-10-26 16:32:42,244 IC: False | CON: 64; NOCON: 36 in 0:04:42 with 0.1s delay
2023-10-26 16:32:52,341 IC: True | CON: 100; NOCON: 0 in 0:04:52 with 0.1s delay
2023-10-26 16:33:02,444 IC: False | CON: 64; NOCON: 36 in 0:05:03 with 0.1s delay
2023-10-26 16:33:12,548 IC: True | CON: 100; NOCON: 0 in 0:05:13 with 0.1s delay
2023-10-26 16:33:22,641 IC: False | CON: 82; NOCON: 18 in 0:05:23 with 0.1s delay
2023-10-26 16:33:32,762 IC: True | CON: 100; NOCON: 0 in 0:05:33 with 0.1s delay
2023-10-26 16:33:42,884 IC: False | CON: 87; NOCON: 13 in 0:05:43 with 0.1s delay
2023-10-26 16:33:52,978 IC: True | CON: 100; NOCON: 0 in 0:05:53 with 0.1s delay
2023-10-26 16:34:03,087 IC: False | CON: 89; NOCON: 11 in 0:06:03 with 0.1s delay
2023-10-26 16:34:13,196 IC: True | CON: 99; NOCON: 1 in 0:06:13 with 0.1s delay
2023-10-26 16:34:23,324 IC: False | CON: 89; NOCON: 11 in 0:06:23 with 0.1s delay
2023-10-26 16:34:33,438 IC: True | CON: 99; NOCON: 1 in 0:06:34 with 0.1s delay
2023-10-26 16:34:43,548 IC: False | CON: 71; NOCON: 29 in 0:06:44 with 0.1s delay
2023-10-26 16:34:53,658 IC: True | CON: 100; NOCON: 0 in 0:06:54 with 0.1s delay
2023-10-26 16:35:03,758 IC: False | CON: 64; NOCON: 36 in 0:07:04 with 0.1s delay
2023-10-26 16:35:13,893 IC: True | CON: 98; NOCON: 2 in 0:07:14 with 0.1s delay
2023-10-26 16:35:24,003 IC: False | CON: 60; NOCON: 40 in 0:07:24 with 0.1s delay
2023-10-26 16:35:34,108 IC: True | CON: 98; NOCON: 2 in 0:07:34 with 0.1s delay
2023-10-26 16:35:44,258 IC: False | CON: 56; NOCON: 44 in 0:07:44 with 0.1s delay
2023-10-26 16:35:54,390 IC: True | CON: 100; NOCON: 0 in 0:07:54 with 0.1s delay
2023-10-26 16:36:04,497 IC: False | CON: 65; NOCON: 35 in 0:08:05 with 0.1s delay
2023-10-26 16:36:14,599 IC: True | CON: 100; NOCON: 0 in 0:08:15 with 0.1s delay
2023-10-26 16:36:24,721 IC: False | CON: 63; NOCON: 37 in 0:08:25 with 0.1s delay
2023-10-26 16:36:34,862 IC: True | CON: 100; NOCON: 0 in 0:08:35 with 0.1s delay
2023-10-26 16:36:44,988 IC: False | CON: 75; NOCON: 25 in 0:08:45 with 0.1s delay
2023-10-26 16:36:55,124 IC: True | CON: 100; NOCON: 0 in 0:08:55 with 0.1s delay
2023-10-26 16:37:05,270 IC: False | CON: 78; NOCON: 22 in 0:09:05 with 0.1s delay
2023-10-26 16:37:15,394 IC: True | CON: 100; NOCON: 0 in 0:09:15 with 0.1s delay
2023-10-26 16:37:25,543 IC: False | CON: 61; NOCON: 39 in 0:09:26 with 0.1s delay
2023-10-26 16:37:35,739 IC: True | CON: 99; NOCON: 1 in 0:09:36 with 0.1s delay
2023-10-26 16:37:45,883 IC: False | CON: 76; NOCON: 24 in 0:09:46 with 0.1s delay
2023-10-26 16:37:56,011 IC: True | CON: 99; NOCON: 1 in 0:09:56 with 0.1s delay
2023-10-26 16:38:06,153 IC: False | CON: 69; NOCON: 31 in 0:10:06 with 0.1s delay
2023-10-26 16:38:16,285 IC: True | CON: 100; NOCON: 0 in 0:10:16 with 0.1s delay
2023-10-26 16:38:26,431 IC: False | CON: 63; NOCON: 37 in 0:10:27 with 0.1s delay
2023-10-26 16:38:36,592 IC: True | CON: 100; NOCON: 0 in 0:10:37 with 0.1s delay
2023-10-26 16:38:46,754 IC: False | CON: 35; NOCON: 65 in 0:10:47 with 0.1s delay
2023-10-26 16:38:56,918 IC: True | CON: 100; NOCON: 0 in 0:10:57 with 0.1s delay
2023-10-26 16:39:07,082 IC: False | CON: 51; NOCON: 49 in 0:11:07 with 0.1s delay
2023-10-26 16:39:17,274 IC: True | CON: 100; NOCON: 0 in 0:11:17 with 0.1s delay
2023-10-26 16:39:27,431 IC: False | CON: 53; NOCON: 47 in 0:11:28 with 0.1s delay
2023-10-26 16:39:37,602 IC: True | CON: 98; NOCON: 2 in 0:11:38 with 0.1s delay
2023-10-26 16:39:47,766 IC: False | CON: 55; NOCON: 45 in 0:11:48 with 0.1s delay
2023-10-26 16:39:57,958 IC: True | CON: 100; NOCON: 0 in 0:11:58 with 0.1s delay
2023-10-26 16:40:08,123 IC: False | CON: 84; NOCON: 16 in 0:12:08 with 0.1s delay
2023-10-26 16:40:18,303 IC: True | CON: 100; NOCON: 0 in 0:12:18 with 0.1s delay
2023-10-26 16:40:28,493 IC: False | CON: 63; NOCON: 37 in 0:12:29 with 0.1s delay
2023-10-26 16:40:38,711 IC: True | CON: 100; NOCON: 0 in 0:12:39 with 0.1s delay
2023-10-26 16:40:48,900 IC: False | CON: 68; NOCON: 32 in 0:12:49 with 0.1s delay
2023-10-26 16:40:59,067 IC: True | CON: 100; NOCON: 0 in 0:12:59 with 0.1s delay
2023-10-26 16:41:09,246 IC: False | CON: 66; NOCON: 34 in 0:13:09 with 0.1s delay
2023-10-26 16:41:19,469 IC: True | CON: 100; NOCON: 0 in 0:13:20 with 0.1s delay
2023-10-26 16:41:29,715 IC: False | CON: 55; NOCON: 45 in 0:13:30 with 0.1s delay
2023-10-26 16:41:39,939 IC: True | CON: 100; NOCON: 0 in 0:13:40 with 0.1s delay
2023-10-26 16:41:50,191 IC: False | CON: 85; NOCON: 15 in 0:13:50 with 0.1s delay
2023-10-26 16:42:00,443 IC: True | CON: 100; NOCON: 0 in 0:14:01 with 0.1s delay
2023-10-26 16:42:10,728 IC: False | CON: 50; NOCON: 50 in 0:14:11 with 0.1s delay
2023-10-26 16:42:20,997 IC: True | CON: 99; NOCON: 1 in 0:14:21 with 0.1s delay
2023-10-26 16:42:31,266 IC: False | CON: 86; NOCON: 14 in 0:14:31 with 0.1s delay
2023-10-26 16:42:41,546 IC: True | CON: 100; NOCON: 0 in 0:14:42 with 0.1s delay
2023-10-26 16:42:51,767 IC: False | CON: 78; NOCON: 22 in 0:14:52 with 0.1s delay
2023-10-26 16:43:02,093 IC: True | CON: 100; NOCON: 0 in 0:15:02 with 0.1s delay
2023-10-26 16:43:12,464 IC: False | CON: 77; NOCON: 23 in 0:15:13 with 0.1s delay
2023-10-26 16:43:22,867 IC: True | CON: 99; NOCON: 1 in 0:15:23 with 0.1s delay
2023-10-26 16:43:33,176 IC: False | CON: 41; NOCON: 59 in 0:15:33 with 0.1s delay
2023-10-26 16:43:43,520 IC: True | CON: 100; NOCON: 0 in 0:15:44 with 0.1s delay
2023-10-26 16:43:53,896 IC: False | CON: 39; NOCON: 61 in 0:15:54 with 0.1s delay
2023-10-26 16:44:04,268 IC: True | CON: 98; NOCON: 2 in 0:16:04 with 0.1s delay
2023-10-26 16:44:14,632 IC: False | CON: 28; NOCON: 72 in 0:16:15 with 0.1s delay
2023-10-26 16:44:25,035 IC: True | CON: 100; NOCON: 0 in 0:16:25 with 0.1s delay
2023-10-26 16:44:35,368 IC: False | CON: 33; NOCON: 67 in 0:16:35 with 0.1s delay
2023-10-26 16:44:45,767 IC: True | CON: 99; NOCON: 1 in 0:16:46 with 0.1s delay
2023-10-26 16:44:56,245 IC: False | CON: 51; NOCON: 49 in 0:16:56 with 0.1s delay
2023-10-26 16:45:06,671 IC: True | CON: 99; NOCON: 1 in 0:17:07 with 0.1s delay
2023-10-26 16:45:17,174 IC: False | CON: 38; NOCON: 62 in 0:17:17 with 0.1s delay
2023-10-26 16:45:27,648 IC: True | CON: 99; NOCON: 1 in 0:17:28 with 0.1s delay
2023-10-26 16:45:38,081 IC: False | CON: 28; NOCON: 72 in 0:17:38 with 0.1s delay
2023-10-26 16:45:48,562 IC: True | CON: 100; NOCON: 0 in 0:17:49 with 0.1s delay
2023-10-26 16:45:59,153 IC: False | CON: 36; NOCON: 64 in 0:17:59 with 0.1s delay
2023-10-26 16:46:09,889 IC: True | CON: 99; NOCON: 1 in 0:18:10 with 0.1s delay
2023-10-26 16:46:20,415 IC: False | CON: 46; NOCON: 54 in 0:18:21 with 0.1s delay
2023-10-26 16:46:31,068 IC: True | CON: 99; NOCON: 1 in 0:18:31 with 0.1s delay
2023-10-26 16:46:41,628 IC: False | CON: 67; NOCON: 32 in 0:18:42 with 0.1s delay
2023-10-26 16:46:52,426 IC: True | CON: 100; NOCON: 0 in 0:18:53 with 0.1s delay
2023-10-26 16:47:03,028 IC: False | CON: 73; NOCON: 27 in 0:19:03 with 0.1s delay
2023-10-26 16:47:13,499 IC: True | CON: 100; NOCON: 0 in 0:19:14 with 0.1s delay
2023-10-26 16:47:24,002 IC: False | CON: 83; NOCON: 17 in 0:19:24 with 0.1s delay
2023-10-26 16:47:34,536 IC: True | CON: 99; NOCON: 1 in 0:19:35 with 0.1s delay
2023-10-26 16:47:45,092 IC: False | CON: 61; NOCON: 39 in 0:19:45 with 0.1s delay
2023-10-26 16:47:55,837 IC: True | CON: 100; NOCON: 0 in 0:19:56 with 0.1s delay
2023-10-26 16:48:06,695 IC: False | CON: 62; NOCON: 38 in 0:20:07 with 0.1s delay
2023-10-26 16:48:17,751 IC: True | CON: 97; NOCON: 3 in 0:20:18 with 0.1s delay
2023-10-26 16:48:28,848 IC: False | CON: 79; NOCON: 21 in 0:20:29 with 0.1s delay
2023-10-26 16:48:39,995 IC: True | CON: 98; NOCON: 2 in 0:20:40 with 0.1s delay
2023-10-26 16:48:51,013 IC: False | CON: 23; NOCON: 76 in 0:20:51 with 0.1s delay
2023-10-26 16:49:02,601 IC: True | CON: 97; NOCON: 2 in 0:21:03 with 0.1s delay
2023-10-26 16:49:14,017 IC: False | CON: 72; NOCON: 27 in 0:21:14 with 0.1s delay
2023-10-26 16:49:25,737 IC: True | CON: 96; NOCON: 4 in 0:21:26 with 0.1s delay
2023-10-26 16:49:37,589 IC: False | CON: 29; NOCON: 71 in 0:21:38 with 0.1s delay
2023-10-26 16:49:49,239 IC: True | CON: 97; NOCON: 3 in 0:21:49 with 0.1s delay
2023-10-26 16:50:01,277 IC: False | CON: 30; NOCON: 70 in 0:22:01 with 0.1s delay
2023-10-26 16:50:12,933 IC: True | CON: 99; NOCON: 1 in 0:22:13 with 0.1s delay
2023-10-26 16:50:24,451 IC: False | CON: 86; NOCON: 14 in 0:22:25 with 0.1s delay
2023-10-26 16:50:35,787 IC: True | CON: 100; NOCON: 0 in 0:22:36 with 0.1s delay
2023-10-26 16:50:46,855 IC: False | CON: 66; NOCON: 34 in 0:22:47 with 0.1s delay
2023-10-26 16:50:57,993 IC: True | CON: 98; NOCON: 2 in 0:22:58 with 0.1s delay
2023-10-26 16:51:09,436 IC: False | CON: 12; NOCON: 88 in 0:23:10 with 0.1s delay
2023-10-26 16:51:21,145 IC: True | CON: 97; NOCON: 3 in 0:23:21 with 0.1s delay
2023-10-26 16:51:32,669 IC: False | CON: 23; NOCON: 77 in 0:23:33 with 0.1s delay
2023-10-26 16:51:45,018 IC: True | CON: 95; NOCON: 4 in 0:23:45 with 0.1s delay
2023-10-26 16:51:57,128 IC: False | CON: 51; NOCON: 49 in 0:23:57 with 0.1s delay
2023-10-26 16:52:09,652 IC: True | CON: 98; NOCON: 2 in 0:24:10 with 0.1s delay
2023-10-26 16:52:21,833 IC: False | CON: 39; NOCON: 59 in 0:24:22 with 0.1s delay
2023-10-26 16:52:34,583 IC: True | CON: 97; NOCON: 2 in 0:24:35 with 0.1s delay
2023-10-26 16:52:47,019 IC: False | CON: 48; NOCON: 52 in 0:24:47 with 0.1s delay
2023-10-26 16:53:00,055 IC: True | CON: 94; NOCON: 5 in 0:25:00 with 0.1s delay
2023-10-26 16:53:14,608 IC: False | CON: 71; NOCON: 26 in 0:25:15 with 0.1s delay
2023-10-26 16:53:29,323 IC: True | CON: 95; NOCON: 2 in 0:25:29 with 0.1s delay
2023-10-26 16:53:43,785 IC: False | CON: 54; NOCON: 45 in 0:25:44 with 0.1s delay
2023-10-26 16:53:58,182 IC: True | CON: 93; NOCON: 6 in 0:25:58 with 0.1s delay
2023-10-26 16:54:12,097 IC: False | CON: 30; NOCON: 70 in 0:26:12 with 0.1s delay
2023-10-26 16:54:25,958 IC: True | CON: 96; NOCON: 3 in 0:26:26 with 0.1s delay
2023-10-26 16:54:39,583 IC: False | CON: 51; NOCON: 47 in 0:26:40 with 0.1s delay
2023-10-26 16:54:52,560 IC: True | CON: 91; NOCON: 5 in 0:26:53 with 0.1s delay
2023-10-26 16:55:05,739 IC: False | CON: 37; NOCON: 59 in 0:27:06 with 0.1s delay
2023-10-26 16:55:18,752 IC: True | CON: 85; NOCON: 10 in 0:27:19 with 0.1s delay
2023-10-26 16:55:32,230 IC: False | CON: 31; NOCON: 65 in 0:27:32 with 0.1s delay
2023-10-26 16:55:46,669 IC: True | CON: 82; NOCON: 10 in 0:27:47 with 0.1s delay
2023-10-26 16:56:00,005 IC: False | CON: 31; NOCON: 66 in 0:28:00 with 0.1s delay
2023-10-26 16:56:14,252 IC: True | CON: 83; NOCON: 11 in 0:28:14 with 0.1s delay
2023-10-26 16:56:28,351 IC: False | CON: 58; NOCON: 39 in 0:28:28 with 0.1s delay
2023-10-26 16:56:42,511 IC: True | CON: 98; NOCON: 2 in 0:28:43 with 0.1s delay
2023-10-26 16:56:57,730 IC: False | CON: 58; NOCON: 38 in 0:28:58 with 0.1s delay
2023-10-26 16:57:12,617 IC: True | CON: 90; NOCON: 6 in 0:29:12 with 0.1s delay
2023-10-26 16:57:26,756 IC: False | CON: 79; NOCON: 19 in 0:29:27 with 0.1s delay
2023-10-26 16:57:41,008 IC: True | CON: 92; NOCON: 5 in 0:29:41 with 0.1s delay
2023-10-26 16:57:55,375 IC: False | CON: 52; NOCON: 46 in 0:29:55 with 0.1s delay
2023-10-26 16:58:11,204 IC: True | CON: 81; NOCON: 10 in 0:30:11 with 0.1s delay
2023-10-26 16:58:26,311 IC: False | CON: 50; NOCON: 46 in 0:30:26 with 0.1s delay
2023-10-26 16:58:42,034 IC: True | CON: 86; NOCON: 9 in 0:30:42 with 0.1s delay
2023-10-26 16:58:58,854 IC: False | CON: 65; NOCON: 33 in 0:30:59 with 0.1s delay
2023-10-26 16:59:15,470 IC: True | CON: 82; NOCON: 12 in 0:31:15 with 0.1s delay
2023-10-26 16:59:31,651 IC: False | CON: 39; NOCON: 53 in 0:31:32 with 0.1s delay
2023-10-26 16:59:48,782 IC: True | CON: 79; NOCON: 15 in 0:31:49 with 0.1s delay
2023-10-26 17:00:06,596 IC: False | CON: 42; NOCON: 52 in 0:32:07 with 0.1s delay
2023-10-26 17:00:24,474 IC: True | CON: 81; NOCON: 12 in 0:32:24 with 0.1s delay
2023-10-26 17:00:41,755 IC: False | CON: 63; NOCON: 24 in 0:32:42 with 0.1s delay
2023-10-26 17:00:58,975 IC: True | CON: 83; NOCON: 9 in 0:32:59 with 0.1s delay
2023-10-26 17:01:15,169 IC: False | CON: 68; NOCON: 27 in 0:33:15 with 0.1s delay
2023-10-26 17:01:32,076 IC: True | CON: 83; NOCON: 9 in 0:33:32 with 0.1s delay
2023-10-26 17:01:48,267 IC: False | CON: 69; NOCON: 28 in 0:33:48 with 0.1s delay
2023-10-26 17:02:05,188 IC: True | CON: 81; NOCON: 12 in 0:34:05 with 0.1s delay
2023-10-26 17:02:22,317 IC: False | CON: 41; NOCON: 52 in 0:34:22 with 0.1s delay
2023-10-26 17:02:38,918 IC: True | CON: 94; NOCON: 4 in 0:34:39 with 0.1s delay
2023-10-26 17:02:55,555 IC: False | CON: 26; NOCON: 71 in 0:34:56 with 0.1s delay
2023-10-26 17:03:13,336 IC: True | CON: 88; NOCON: 7 in 0:35:13 with 0.1s delay
2023-10-26 17:03:31,414 IC: False | CON: 48; NOCON: 41 in 0:35:31 with 0.1s delay
2023-10-26 17:03:48,625 IC: True | CON: 82; NOCON: 9 in 0:35:49 with 0.1s delay
2023-10-26 17:04:05,275 IC: False | CON: 56; NOCON: 36 in 0:36:05 with 0.1s delay
2023-10-26 17:04:22,247 IC: True | CON: 79; NOCON: 15 in 0:36:22 with 0.1s delay
2023-10-26 17:04:38,716 IC: False | CON: 44; NOCON: 44 in 0:36:39 with 0.1s delay
2023-10-26 17:04:55,424 IC: True | CON: 83; NOCON: 9 in 0:36:55 with 0.1s delay
2023-10-26 17:05:12,148 IC: False | CON: 76; NOCON: 17 in 0:37:12 with 0.1s delay
2023-10-26 17:05:29,381 IC: True | CON: 75; NOCON: 16 in 0:37:29 with 0.1s delay
2023-10-26 17:05:46,311 IC: False | CON: 56; NOCON: 38 in 0:37:46 with 0.1s delay
2023-10-26 17:06:02,979 IC: True | CON: 77; NOCON: 12 in 0:38:03 with 0.1s delay
2023-10-26 17:06:19,120 IC: False | CON: 60; NOCON: 30 in 0:38:19 with 0.1s delay
2023-10-26 17:06:34,898 IC: True | CON: 86; NOCON: 10 in 0:38:35 with 0.1s delay
2023-10-26 17:06:51,741 IC: False | CON: 78; NOCON: 15 in 0:38:52 with 0.1s delay
2023-10-26 17:07:08,464 IC: True | CON: 79; NOCON: 13 in 0:39:09 with 0.1s delay
2023-10-26 17:07:25,039 IC: False | CON: 55; NOCON: 36 in 0:39:25 with 0.1s delay
2023-10-26 17:07:40,025 IC: True | CON: 75; NOCON: 17 in 0:39:40 with 0.1s delay
2023-10-26 17:07:56,838 IC: False | CON: 61; NOCON: 30 in 0:39:57 with 0.1s delay
2023-10-26 17:08:12,639 IC: True | CON: 81; NOCON: 12 in 0:40:13 with 0.1s delay
2023-10-26 17:08:29,205 IC: False | CON: 54; NOCON: 35 in 0:40:29 with 0.1s delay
2023-10-26 17:08:45,135 IC: True | CON: 80; NOCON: 14 in 0:40:45 with 0.1s delay
2023-10-26 17:09:02,004 IC: False | CON: 28; NOCON: 65 in 0:41:02 with 0.1s delay
2023-10-26 17:09:19,833 IC: True | CON: 79; NOCON: 11 in 0:41:20 with 0.1s delay
2023-10-26 17:09:36,059 IC: False | CON: 25; NOCON: 59 in 0:41:36 with 0.1s delay
2023-10-26 17:09:52,201 IC: True | CON: 84; NOCON: 10 in 0:41:52 with 0.1s delay
2023-10-26 17:10:08,822 IC: False | CON: 29; NOCON: 63 in 0:42:09 with 0.1s delay
2023-10-26 17:10:24,909 IC: True | CON: 72; NOCON: 18 in 0:42:25 with 0.1s delay
2023-10-26 17:10:42,574 IC: False | CON: 44; NOCON: 47 in 0:42:42 with 0.1s delay
2023-10-26 17:10:59,219 IC: True | CON: 75; NOCON: 16 in 0:42:59 with 0.1s delay
2023-10-26 17:11:14,619 IC: False | CON: 39; NOCON: 48 in 0:43:15 with 0.1s delay
2023-10-26 17:11:30,521 IC: True | CON: 86; NOCON: 8 in 0:43:31 with 0.1s delay
2023-10-26 17:11:46,020 IC: False | CON: 56; NOCON: 36 in 0:43:46 with 0.1s delay
2023-10-26 17:12:02,237 IC: True | CON: 80; NOCON: 12 in 0:44:02 with 0.1s delay
2023-10-26 17:12:19,539 IC: False | CON: 52; NOCON: 42 in 0:44:20 with 0.1s delay
2023-10-26 17:12:36,273 IC: True | CON: 78; NOCON: 13 in 0:44:36 with 0.1s delay
2023-10-26 17:12:53,879 IC: False | CON: 60; NOCON: 32 in 0:44:54 with 0.1s delay
2023-10-26 17:13:11,875 IC: True | CON: 77; NOCON: 14 in 0:45:11 with 0.1s delay
2023-10-26 17:13:29,833 IC: False | CON: 57; NOCON: 36 in 0:45:30 with 0.1s delay
2023-10-26 17:13:47,364 IC: True | CON: 78; NOCON: 14 in 0:45:47 with 0.1s delay
2023-10-26 17:14:04,555 IC: False | CON: 41; NOCON: 50 in 0:46:05 with 0.1s delay
2023-10-26 17:14:22,434 IC: True | CON: 80; NOCON: 13 in 0:46:22 with 0.1s delay
2023-10-26 17:14:40,546 IC: False | CON: 49; NOCON: 45 in 0:46:41 with 0.1s delay
2023-10-26 17:14:59,974 IC: True | CON: 74; NOCON: 16 in 0:47:00 with 0.1s delay
2023-10-26 17:15:19,135 IC: False | CON: 49; NOCON: 42 in 0:47:19 with 0.1s delay
2023-10-26 17:15:37,179 IC: True | CON: 89; NOCON: 8 in 0:47:37 with 0.1s delay
2023-10-26 17:15:54,941 IC: False | CON: 30; NOCON: 63 in 0:47:55 with 0.1s delay
2023-10-26 17:16:12,867 IC: True | CON: 83; NOCON: 11 in 0:48:13 with 0.1s delay
2023-10-26 17:16:29,798 IC: False | CON: 50; NOCON: 39 in 0:48:30 with 0.1s delay
2023-10-26 17:16:47,842 IC: True | CON: 71; NOCON: 16 in 0:48:48 with 0.1s delay
2023-10-26 17:17:05,383 IC: False | CON: 59; NOCON: 31 in 0:49:05 with 0.1s delay
2023-10-26 17:17:25,064 IC: True | CON: 90; NOCON: 6 in 0:49:25 with 0.1s delay
2023-10-26 17:17:42,156 IC: False | CON: 57; NOCON: 35 in 0:49:42 with 0.1s delay
2023-10-26 17:18:01,640 IC: True | CON: 92; NOCON: 6 in 0:50:02 with 0.1s delay
2023-10-26 17:18:19,205 IC: False | CON: 53; NOCON: 36 in 0:50:19 with 0.1s delay
2023-10-26 17:18:37,874 IC: True | CON: 68; NOCON: 19 in 0:50:38 with 0.1s delay
2023-10-26 17:18:55,683 IC: False | CON: 56; NOCON: 39 in 0:50:56 with 0.1s delay
2023-10-26 17:19:14,854 IC: True | CON: 83; NOCON: 10 in 0:51:15 with 0.1s delay
2023-10-26 17:19:34,259 IC: False | CON: 52; NOCON: 41 in 0:51:34 with 0.1s delay
2023-10-26 17:19:53,494 IC: True | CON: 81; NOCON: 12 in 0:51:53 with 0.1s delay
2023-10-26 17:20:13,244 IC: False | CON: 57; NOCON: 32 in 0:52:13 with 0.1s delay
2023-10-26 17:20:32,884 IC: True | CON: 73; NOCON: 16 in 0:52:33 with 0.1s delay
2023-10-26 17:20:50,729 IC: False | CON: 61; NOCON: 27 in 0:52:51 with 0.1s delay
2023-10-26 17:21:10,700 IC: True | CON: 76; NOCON: 16 in 0:53:11 with 0.1s delay
2023-10-26 17:21:29,259 IC: False | CON: 67; NOCON: 22 in 0:53:29 with 0.1s delay
2023-10-26 17:21:47,641 IC: True | CON: 85; NOCON: 9 in 0:53:48 with 0.1s delay
2023-10-26 17:22:07,551 IC: False | CON: 46; NOCON: 46 in 0:54:07 with 0.1s delay
2023-10-26 17:22:25,865 IC: True | CON: 86; NOCON: 8 in 0:54:26 with 0.1s delay
2023-10-26 17:22:44,974 IC: False | CON: 60; NOCON: 34 in 0:54:45 with 0.1s delay
2023-10-26 17:23:04,643 IC: True | CON: 68; NOCON: 20 in 0:55:04 with 0.1s delay
2023-10-26 17:23:23,602 IC: False | CON: 50; NOCON: 43 in 0:55:24 with 0.1s delay
2023-10-26 17:23:42,557 IC: True | CON: 80; NOCON: 13 in 0:55:42 with 0.1s delay
2023-10-26 17:24:02,968 IC: False | CON: 48; NOCON: 39 in 0:56:03 with 0.1s delay
2023-10-26 17:24:25,412 IC: True | CON: 77; NOCON: 13 in 0:56:25 with 0.1s delay
2023-10-26 17:24:45,701 IC: False | CON: 57; NOCON: 33 in 0:56:46 with 0.1s delay
2023-10-26 17:25:07,158 IC: True | CON: 87; NOCON: 9 in 0:57:07 with 0.1s delay
2023-10-26 17:25:28,727 IC: False | CON: 45; NOCON: 42 in 0:57:29 with 0.1s delay
2023-10-26 17:25:49,494 IC: True | CON: 76; NOCON: 16 in 0:57:50 with 0.1s delay
2023-10-26 17:26:09,551 IC: False | CON: 53; NOCON: 37 in 0:58:10 with 0.1s delay
2023-10-26 17:26:29,982 IC: True | CON: 89; NOCON: 7 in 0:58:30 with 0.1s delay
2023-10-26 17:26:51,393 IC: False | CON: 39; NOCON: 49 in 0:58:51 with 0.1s delay
2023-10-26 17:27:11,002 IC: True | CON: 74; NOCON: 15 in 0:59:11 with 0.1s delay
2023-10-26 17:27:32,272 IC: False | CON: 63; NOCON: 32 in 0:59:32 with 0.1s delay
2023-10-26 17:27:52,450 IC: True | CON: 80; NOCON: 12 in 0:59:52 with 0.1s delay
2023-10-26 17:28:12,726 IC: False | CON: 65; NOCON: 23 in 1:00:13 with 0.1s delay
2023-10-26 17:30:16,713 [+] Finished in 1:02:17
