2023-10-26 13:07:26,597 [+] Client started
2023-10-26 13:07:27,100 [+] Noise Client started
2023-10-26 13:07:27,601 [+] Noise Client started
2023-10-26 13:07:28,102 [+] Noise Client started
2023-10-26 13:07:28,603 [+] Noise Client started
2023-10-26 13:07:38,675 IC: True | CON: 98; NOCON: 2 in 0:00:10 with 0.1s delay
2023-10-26 13:07:48,745 IC: False | CON: 12; NOCON: 88 in 0:00:20 with 0.1s delay
2023-10-26 13:07:58,824 IC: True | CON: 99; NOCON: 1 in 0:00:30 with 0.1s delay
2023-10-26 13:08:08,898 IC: False | CON: 12; NOCON: 88 in 0:00:40 with 0.1s delay
2023-10-26 13:08:18,988 IC: True | CON: 99; NOCON: 1 in 0:00:50 with 0.1s delay
2023-10-26 13:08:29,065 IC: False | CON: 16; NOCON: 84 in 0:01:00 with 0.1s delay
2023-10-26 13:08:39,141 IC: True | CON: 98; NOCON: 2 in 0:01:10 with 0.1s delay
2023-10-26 13:08:49,215 IC: False | CON: 19; NOCON: 81 in 0:01:21 with 0.1s delay
2023-10-26 13:08:59,294 IC: True | CON: 99; NOCON: 1 in 0:01:31 with 0.1s delay
2023-10-26 13:09:09,371 IC: False | CON: 13; NOCON: 87 in 0:01:41 with 0.1s delay
2023-10-26 13:09:19,463 IC: True | CON: 99; NOCON: 1 in 0:01:51 with 0.1s delay
2023-10-26 13:09:29,534 IC: False | CON: 9; NOCON: 91 in 0:02:01 with 0.1s delay
2023-10-26 13:09:39,616 IC: True | CON: 99; NOCON: 1 in 0:02:11 with 0.1s delay
2023-10-26 13:09:49,698 IC: False | CON: 16; NOCON: 84 in 0:02:21 with 0.1s delay
2023-10-26 13:09:59,779 IC: True | CON: 99; NOCON: 1 in 0:02:31 with 0.1s delay
2023-10-26 13:10:09,863 IC: False | CON: 20; NOCON: 80 in 0:02:41 with 0.1s delay
2023-10-26 13:10:19,955 IC: True | CON: 97; NOCON: 3 in 0:02:51 with 0.1s delay
2023-10-26 13:10:30,042 IC: False | CON: 19; NOCON: 81 in 0:03:01 with 0.1s delay
2023-10-26 13:10:40,134 IC: True | CON: 96; NOCON: 4 in 0:03:11 with 0.1s delay
2023-10-26 13:10:50,233 IC: False | CON: 14; NOCON: 86 in 0:03:22 with 0.1s delay
2023-10-26 13:11:00,339 IC: True | CON: 99; NOCON: 1 in 0:03:32 with 0.1s delay
2023-10-26 13:11:10,429 IC: False | CON: 18; NOCON: 82 in 0:03:42 with 0.1s delay
2023-10-26 13:11:20,503 IC: True | CON: 98; NOCON: 2 in 0:03:52 with 0.1s delay
2023-10-26 13:11:30,589 IC: False | CON: 18; NOCON: 82 in 0:04:02 with 0.1s delay
2023-10-26 13:11:40,676 IC: True | CON: 99; NOCON: 1 in 0:04:12 with 0.1s delay
2023-10-26 13:11:50,773 IC: False | CON: 17; NOCON: 83 in 0:04:22 with 0.1s delay
2023-10-26 13:12:00,868 IC: True | CON: 100; NOCON: 0 in 0:04:32 with 0.1s delay
2023-10-26 13:12:10,963 IC: False | CON: 14; NOCON: 86 in 0:04:42 with 0.1s delay
2023-10-26 13:12:21,061 IC: True | CON: 97; NOCON: 3 in 0:04:52 with 0.1s delay
2023-10-26 13:12:31,157 IC: False | CON: 19; NOCON: 81 in 0:05:02 with 0.1s delay
2023-10-26 13:12:41,267 IC: True | CON: 100; NOCON: 0 in 0:05:13 with 0.1s delay
2023-10-26 13:12:51,383 IC: False | CON: 41; NOCON: 59 in 0:05:23 with 0.1s delay
2023-10-26 13:13:01,481 IC: True | CON: 100; NOCON: 0 in 0:05:33 with 0.1s delay
2023-10-26 13:13:11,586 IC: False | CON: 66; NOCON: 34 in 0:05:43 with 0.1s delay
2023-10-26 13:13:21,680 IC: True | CON: 99; NOCON: 1 in 0:05:53 with 0.1s delay
2023-10-26 13:13:31,788 IC: False | CON: 69; NOCON: 31 in 0:06:03 with 0.1s delay
2023-10-26 13:13:41,923 IC: True | CON: 100; NOCON: 0 in 0:06:13 with 0.1s delay
2023-10-26 13:13:52,032 IC: False | CON: 88; NOCON: 12 in 0:06:23 with 0.1s delay
2023-10-26 13:14:02,137 IC: True | CON: 100; NOCON: 0 in 0:06:33 with 0.1s delay
2023-10-26 13:14:12,247 IC: False | CON: 64; NOCON: 36 in 0:06:44 with 0.1s delay
2023-10-26 13:14:22,358 IC: True | CON: 99; NOCON: 1 in 0:06:54 with 0.1s delay
2023-10-26 13:14:32,481 IC: False | CON: 65; NOCON: 35 in 0:07:04 with 0.1s delay
2023-10-26 13:14:42,633 IC: True | CON: 99; NOCON: 1 in 0:07:14 with 0.1s delay
2023-10-26 13:14:52,749 IC: False | CON: 66; NOCON: 34 in 0:07:24 with 0.1s delay
2023-10-26 13:15:02,878 IC: True | CON: 98; NOCON: 2 in 0:07:34 with 0.1s delay
2023-10-26 13:15:12,989 IC: False | CON: 75; NOCON: 25 in 0:07:44 with 0.1s delay
2023-10-26 13:15:23,102 IC: True | CON: 100; NOCON: 0 in 0:07:54 with 0.1s delay
2023-10-26 13:15:33,233 IC: False | CON: 64; NOCON: 36 in 0:08:05 with 0.1s delay
2023-10-26 13:15:43,336 IC: True | CON: 100; NOCON: 0 in 0:08:15 with 0.1s delay
2023-10-26 13:15:53,548 IC: False | CON: 61; NOCON: 39 in 0:08:25 with 0.1s delay
2023-10-26 13:16:03,667 IC: True | CON: 99; NOCON: 1 in 0:08:35 with 0.1s delay
2023-10-26 13:16:13,816 IC: False | CON: 73; NOCON: 27 in 0:08:45 with 0.1s delay
2023-10-26 13:16:23,955 IC: True | CON: 98; NOCON: 2 in 0:08:55 with 0.1s delay
2023-10-26 13:16:34,092 IC: False | CON: 73; NOCON: 27 in 0:09:05 with 0.1s delay
2023-10-26 13:16:44,237 IC: True | CON: 100; NOCON: 0 in 0:09:16 with 0.1s delay
2023-10-26 13:16:54,408 IC: False | CON: 72; NOCON: 28 in 0:09:26 with 0.1s delay
2023-10-26 13:17:04,618 IC: True | CON: 100; NOCON: 0 in 0:09:36 with 0.1s delay
2023-10-26 13:17:14,765 IC: False | CON: 77; NOCON: 23 in 0:09:46 with 0.1s delay
2023-10-26 13:17:24,900 IC: True | CON: 99; NOCON: 1 in 0:09:56 with 0.1s delay
2023-10-26 13:17:35,053 IC: False | CON: 71; NOCON: 29 in 0:10:06 with 0.1s delay
2023-10-26 13:17:45,223 IC: True | CON: 100; NOCON: 0 in 0:10:17 with 0.1s delay
2023-10-26 13:17:55,432 IC: False | CON: 82; NOCON: 18 in 0:10:27 with 0.1s delay
2023-10-26 13:18:05,583 IC: True | CON: 98; NOCON: 2 in 0:10:37 with 0.1s delay
2023-10-26 13:18:15,763 IC: False | CON: 72; NOCON: 28 in 0:10:47 with 0.1s delay
2023-10-26 13:18:25,936 IC: True | CON: 100; NOCON: 0 in 0:10:57 with 0.1s delay
2023-10-26 13:18:36,089 IC: False | CON: 75; NOCON: 25 in 0:11:07 with 0.1s delay
2023-10-26 13:18:46,272 IC: True | CON: 99; NOCON: 1 in 0:11:18 with 0.1s delay
2023-10-26 13:18:56,485 IC: False | CON: 83; NOCON: 17 in 0:11:28 with 0.1s delay
2023-10-26 13:19:06,663 IC: True | CON: 100; NOCON: 0 in 0:11:38 with 0.1s delay
2023-10-26 13:19:16,851 IC: False | CON: 70; NOCON: 30 in 0:11:48 with 0.1s delay
2023-10-26 13:19:27,018 IC: True | CON: 97; NOCON: 3 in 0:11:58 with 0.1s delay
2023-10-26 13:19:37,198 IC: False | CON: 81; NOCON: 19 in 0:12:08 with 0.1s delay
2023-10-26 13:19:47,388 IC: True | CON: 100; NOCON: 0 in 0:12:19 with 0.1s delay
2023-10-26 13:19:57,558 IC: False | CON: 57; NOCON: 43 in 0:12:29 with 0.1s delay
2023-10-26 13:20:07,728 IC: True | CON: 100; NOCON: 0 in 0:12:39 with 0.1s delay
2023-10-26 13:20:17,903 IC: False | CON: 52; NOCON: 48 in 0:12:49 with 0.1s delay
2023-10-26 13:20:28,146 IC: True | CON: 98; NOCON: 2 in 0:12:59 with 0.1s delay
2023-10-26 13:20:38,351 IC: False | CON: 70; NOCON: 30 in 0:13:10 with 0.1s delay
2023-10-26 13:20:48,546 IC: True | CON: 100; NOCON: 0 in 0:13:20 with 0.1s delay
2023-10-26 13:20:58,715 IC: False | CON: 63; NOCON: 37 in 0:13:30 with 0.1s delay
2023-10-26 13:21:08,937 IC: True | CON: 100; NOCON: 0 in 0:13:40 with 0.1s delay
2023-10-26 13:21:19,166 IC: False | CON: 92; NOCON: 8 in 0:13:50 with 0.1s delay
2023-10-26 13:21:29,375 IC: True | CON: 96; NOCON: 4 in 0:14:01 with 0.1s delay
2023-10-26 13:21:39,599 IC: False | CON: 97; NOCON: 3 in 0:14:11 with 0.1s delay
2023-10-26 13:21:49,839 IC: True | CON: 99; NOCON: 1 in 0:14:21 with 0.1s delay
2023-10-26 13:22:00,088 IC: False | CON: 83; NOCON: 17 in 0:14:31 with 0.1s delay
2023-10-26 13:22:10,317 IC: True | CON: 100; NOCON: 0 in 0:14:42 with 0.1s delay
2023-10-26 13:22:20,633 IC: False | CON: 72; NOCON: 28 in 0:14:52 with 0.1s delay
2023-10-26 13:22:30,948 IC: True | CON: 100; NOCON: 0 in 0:15:02 with 0.1s delay
2023-10-26 13:22:41,264 IC: False | CON: 69; NOCON: 31 in 0:15:13 with 0.1s delay
2023-10-26 13:22:51,551 IC: True | CON: 100; NOCON: 0 in 0:15:23 with 0.1s delay
2023-10-26 13:23:01,840 IC: False | CON: 62; NOCON: 38 in 0:15:33 with 0.1s delay
2023-10-26 13:23:12,222 IC: True | CON: 99; NOCON: 1 in 0:15:44 with 0.1s delay
2023-10-26 13:23:22,583 IC: False | CON: 66; NOCON: 34 in 0:15:54 with 0.1s delay
2023-10-26 13:23:32,944 IC: True | CON: 99; NOCON: 1 in 0:16:04 with 0.1s delay
2023-10-26 13:23:43,408 IC: False | CON: 68; NOCON: 32 in 0:16:15 with 0.1s delay
2023-10-26 13:23:53,883 IC: True | CON: 99; NOCON: 1 in 0:16:25 with 0.1s delay
2023-10-26 13:24:04,342 IC: False | CON: 73; NOCON: 27 in 0:16:36 with 0.1s delay
2023-10-26 13:24:14,835 IC: True | CON: 100; NOCON: 0 in 0:16:46 with 0.1s delay
2023-10-26 13:24:25,206 IC: False | CON: 67; NOCON: 33 in 0:16:57 with 0.1s delay
2023-10-26 13:24:35,655 IC: True | CON: 100; NOCON: 0 in 0:17:07 with 0.1s delay
2023-10-26 13:24:46,106 IC: False | CON: 76; NOCON: 24 in 0:17:17 with 0.1s delay
2023-10-26 13:24:56,526 IC: True | CON: 99; NOCON: 1 in 0:17:28 with 0.1s delay
2023-10-26 13:25:06,923 IC: False | CON: 71; NOCON: 29 in 0:17:38 with 0.1s delay
2023-10-26 13:25:17,427 IC: True | CON: 100; NOCON: 0 in 0:17:49 with 0.1s delay
2023-10-26 13:25:28,196 IC: False | CON: 84; NOCON: 16 in 0:17:59 with 0.1s delay
2023-10-26 13:25:38,846 IC: True | CON: 100; NOCON: 0 in 0:18:10 with 0.1s delay
2023-10-26 13:25:49,448 IC: False | CON: 35; NOCON: 65 in 0:18:21 with 0.1s delay
2023-10-26 13:25:59,978 IC: True | CON: 98; NOCON: 2 in 0:18:31 with 0.1s delay
2023-10-26 13:26:10,747 IC: False | CON: 34; NOCON: 66 in 0:18:42 with 0.1s delay
2023-10-26 13:26:21,505 IC: True | CON: 98; NOCON: 2 in 0:18:53 with 0.1s delay
2023-10-26 13:26:32,212 IC: False | CON: 27; NOCON: 73 in 0:19:04 with 0.1s delay
2023-10-26 13:26:42,763 IC: True | CON: 100; NOCON: 0 in 0:19:14 with 0.1s delay
2023-10-26 13:26:53,305 IC: False | CON: 23; NOCON: 77 in 0:19:25 with 0.1s delay
2023-10-26 13:27:03,859 IC: True | CON: 100; NOCON: 0 in 0:19:35 with 0.1s delay
2023-10-26 13:27:14,469 IC: False | CON: 31; NOCON: 69 in 0:19:46 with 0.1s delay
2023-10-26 13:27:25,337 IC: True | CON: 99; NOCON: 1 in 0:19:57 with 0.1s delay
2023-10-26 13:27:36,450 IC: False | CON: 22; NOCON: 78 in 0:20:08 with 0.1s delay
2023-10-26 13:27:47,763 IC: True | CON: 100; NOCON: 0 in 0:20:19 with 0.1s delay
2023-10-26 13:27:59,146 IC: False | CON: 28; NOCON: 72 in 0:20:30 with 0.1s delay
2023-10-26 13:28:10,713 IC: True | CON: 97; NOCON: 3 in 0:20:42 with 0.1s delay
2023-10-26 13:28:21,845 IC: False | CON: 36; NOCON: 64 in 0:20:53 with 0.1s delay
2023-10-26 13:28:33,335 IC: True | CON: 100; NOCON: 0 in 0:21:05 with 0.1s delay
2023-10-26 13:28:44,827 IC: False | CON: 17; NOCON: 82 in 0:21:16 with 0.1s delay
2023-10-26 13:28:56,403 IC: True | CON: 99; NOCON: 1 in 0:21:28 with 0.1s delay
2023-10-26 13:29:08,084 IC: False | CON: 29; NOCON: 71 in 0:21:39 with 0.1s delay
2023-10-26 13:29:19,862 IC: True | CON: 98; NOCON: 2 in 0:21:51 with 0.1s delay
2023-10-26 13:29:32,168 IC: False | CON: 17; NOCON: 83 in 0:22:03 with 0.1s delay
2023-10-26 13:29:44,033 IC: True | CON: 98; NOCON: 1 in 0:22:15 with 0.1s delay
2023-10-26 13:29:56,279 IC: False | CON: 35; NOCON: 63 in 0:22:28 with 0.1s delay
2023-10-26 13:30:08,161 IC: True | CON: 96; NOCON: 4 in 0:22:39 with 0.1s delay
2023-10-26 13:30:19,631 IC: False | CON: 23; NOCON: 77 in 0:22:51 with 0.1s delay
2023-10-26 13:30:31,740 IC: True | CON: 94; NOCON: 5 in 0:23:03 with 0.1s delay
2023-10-26 13:30:43,810 IC: False | CON: 19; NOCON: 80 in 0:23:15 with 0.1s delay
2023-10-26 13:30:55,684 IC: True | CON: 91; NOCON: 5 in 0:23:27 with 0.1s delay
2023-10-26 13:31:07,353 IC: False | CON: 17; NOCON: 83 in 0:23:39 with 0.1s delay
2023-10-26 13:31:19,739 IC: True | CON: 95; NOCON: 3 in 0:23:51 with 0.1s delay
2023-10-26 13:31:31,521 IC: False | CON: 18; NOCON: 81 in 0:24:03 with 0.1s delay
2023-10-26 13:31:43,802 IC: True | CON: 90; NOCON: 8 in 0:24:15 with 0.1s delay
2023-10-26 13:31:56,316 IC: False | CON: 34; NOCON: 65 in 0:24:28 with 0.1s delay
2023-10-26 13:32:09,135 IC: True | CON: 97; NOCON: 2 in 0:24:40 with 0.1s delay
2023-10-26 13:32:22,047 IC: False | CON: 19; NOCON: 81 in 0:24:53 with 0.1s delay
2023-10-26 13:32:35,154 IC: True | CON: 94; NOCON: 5 in 0:25:06 with 0.1s delay
2023-10-26 13:32:50,006 IC: False | CON: 21; NOCON: 77 in 0:25:21 with 0.1s delay
2023-10-26 13:33:05,207 IC: True | CON: 89; NOCON: 7 in 0:25:36 with 0.1s delay
2023-10-26 13:33:20,425 IC: False | CON: 16; NOCON: 82 in 0:25:52 with 0.1s delay
2023-10-26 13:33:35,004 IC: True | CON: 86; NOCON: 11 in 0:26:06 with 0.1s delay
2023-10-26 13:33:49,559 IC: False | CON: 33; NOCON: 65 in 0:26:21 with 0.1s delay
2023-10-26 13:34:03,313 IC: True | CON: 92; NOCON: 6 in 0:26:34 with 0.1s delay
2023-10-26 13:34:16,702 IC: False | CON: 24; NOCON: 71 in 0:26:48 with 0.1s delay
2023-10-26 13:34:29,387 IC: True | CON: 87; NOCON: 7 in 0:27:01 with 0.1s delay
2023-10-26 13:34:42,556 IC: False | CON: 26; NOCON: 70 in 0:27:14 with 0.1s delay
2023-10-26 13:34:55,920 IC: True | CON: 90; NOCON: 5 in 0:27:27 with 0.1s delay
2023-10-26 13:35:08,410 IC: False | CON: 45; NOCON: 50 in 0:27:40 with 0.1s delay
2023-10-26 13:35:22,246 IC: True | CON: 93; NOCON: 6 in 0:27:53 with 0.1s delay
2023-10-26 13:35:35,593 IC: False | CON: 33; NOCON: 62 in 0:28:07 with 0.1s delay
2023-10-26 13:35:49,642 IC: True | CON: 89; NOCON: 8 in 0:28:21 with 0.1s delay
2023-10-26 13:36:03,421 IC: False | CON: 31; NOCON: 63 in 0:28:35 with 0.1s delay
2023-10-26 13:36:17,755 IC: True | CON: 88; NOCON: 7 in 0:28:49 with 0.1s delay
2023-10-26 13:36:32,593 IC: False | CON: 34; NOCON: 65 in 0:29:04 with 0.1s delay
2023-10-26 13:36:46,992 IC: True | CON: 82; NOCON: 15 in 0:29:18 with 0.1s delay
2023-10-26 13:37:01,223 IC: False | CON: 36; NOCON: 59 in 0:29:32 with 0.1s delay
2023-10-26 13:37:15,985 IC: True | CON: 81; NOCON: 15 in 0:29:47 with 0.1s delay
2023-10-26 13:37:30,741 IC: False | CON: 45; NOCON: 53 in 0:30:02 with 0.1s delay
2023-10-26 13:37:45,996 IC: True | CON: 85; NOCON: 12 in 0:30:17 with 0.1s delay
2023-10-26 13:38:01,542 IC: False | CON: 23; NOCON: 73 in 0:30:33 with 0.1s delay
2023-10-26 13:38:17,148 IC: True | CON: 75; NOCON: 18 in 0:30:48 with 0.1s delay
2023-10-26 13:38:32,396 IC: False | CON: 18; NOCON: 78 in 0:31:04 with 0.1s delay
2023-10-26 13:38:48,226 IC: True | CON: 82; NOCON: 13 in 0:31:19 with 0.1s delay
2023-10-26 13:39:04,633 IC: False | CON: 33; NOCON: 64 in 0:31:36 with 0.1s delay
2023-10-26 13:39:20,507 IC: True | CON: 85; NOCON: 12 in 0:31:52 with 0.1s delay
2023-10-26 13:39:37,307 IC: False | CON: 37; NOCON: 59 in 0:32:08 with 0.1s delay
2023-10-26 13:39:54,561 IC: True | CON: 85; NOCON: 9 in 0:32:26 with 0.1s delay
2023-10-26 13:40:12,249 IC: False | CON: 44; NOCON: 51 in 0:32:43 with 0.1s delay
2023-10-26 13:40:29,335 IC: True | CON: 85; NOCON: 9 in 0:33:00 with 0.1s delay
2023-10-26 13:40:47,987 IC: False | CON: 30; NOCON: 62 in 0:33:19 with 0.1s delay
2023-10-26 13:41:06,086 IC: True | CON: 88; NOCON: 7 in 0:33:37 with 0.1s delay
2023-10-26 13:41:22,946 IC: False | CON: 37; NOCON: 56 in 0:33:54 with 0.1s delay
2023-10-26 13:41:40,059 IC: True | CON: 80; NOCON: 14 in 0:34:11 with 0.1s delay
2023-10-26 13:41:56,465 IC: False | CON: 21; NOCON: 77 in 0:34:28 with 0.1s delay
2023-10-26 13:42:13,662 IC: True | CON: 78; NOCON: 15 in 0:34:45 with 0.1s delay
2023-10-26 13:42:29,624 IC: False | CON: 27; NOCON: 64 in 0:35:01 with 0.1s delay
2023-10-26 13:42:47,884 IC: True | CON: 88; NOCON: 7 in 0:35:19 with 0.1s delay
2023-10-26 13:43:04,711 IC: False | CON: 37; NOCON: 60 in 0:35:36 with 0.1s delay
2023-10-26 13:43:21,339 IC: True | CON: 77; NOCON: 14 in 0:35:52 with 0.1s delay
2023-10-26 13:43:37,846 IC: False | CON: 31; NOCON: 56 in 0:36:09 with 0.1s delay
2023-10-26 13:43:55,440 IC: True | CON: 60; NOCON: 28 in 0:36:27 with 0.1s delay
2023-10-26 13:44:13,328 IC: False | CON: 53; NOCON: 42 in 0:36:44 with 0.1s delay
2023-10-26 13:44:29,899 IC: True | CON: 68; NOCON: 23 in 0:37:01 with 0.1s delay
2023-10-26 13:44:45,667 IC: False | CON: 14; NOCON: 79 in 0:37:17 with 0.1s delay
2023-10-26 13:45:03,257 IC: True | CON: 90; NOCON: 5 in 0:37:34 with 0.1s delay
2023-10-26 13:45:19,583 IC: False | CON: 21; NOCON: 75 in 0:37:51 with 0.1s delay
2023-10-26 13:45:35,256 IC: True | CON: 86; NOCON: 7 in 0:38:06 with 0.1s delay
2023-10-26 13:45:50,513 IC: False | CON: 48; NOCON: 49 in 0:38:22 with 0.1s delay
2023-10-26 13:46:06,618 IC: True | CON: 77; NOCON: 16 in 0:38:38 with 0.1s delay
2023-10-26 13:46:22,620 IC: False | CON: 61; NOCON: 31 in 0:38:54 with 0.1s delay
2023-10-26 13:46:39,061 IC: True | CON: 86; NOCON: 9 in 0:39:10 with 0.1s delay
2023-10-26 13:46:55,340 IC: False | CON: 73; NOCON: 25 in 0:39:26 with 0.1s delay
2023-10-26 13:47:11,797 IC: True | CON: 81; NOCON: 11 in 0:39:43 with 0.1s delay
2023-10-26 13:47:28,240 IC: False | CON: 66; NOCON: 22 in 0:39:59 with 0.1s delay
2023-10-26 13:47:44,301 IC: True | CON: 94; NOCON: 3 in 0:40:15 with 0.1s delay
2023-10-26 13:48:01,433 IC: False | CON: 65; NOCON: 33 in 0:40:33 with 0.1s delay
2023-10-26 13:48:19,933 IC: True | CON: 70; NOCON: 18 in 0:40:51 with 0.1s delay
2023-10-26 13:48:36,484 IC: False | CON: 54; NOCON: 36 in 0:41:08 with 0.1s delay
2023-10-26 13:48:51,860 IC: True | CON: 67; NOCON: 19 in 0:41:23 with 0.1s delay
2023-10-26 13:49:08,993 IC: False | CON: 52; NOCON: 38 in 0:41:40 with 0.1s delay
2023-10-26 13:49:25,611 IC: True | CON: 81; NOCON: 12 in 0:41:57 with 0.1s delay
2023-10-26 13:49:41,407 IC: False | CON: 53; NOCON: 39 in 0:42:13 with 0.1s delay
2023-10-26 13:49:58,666 IC: True | CON: 80; NOCON: 12 in 0:42:30 with 0.1s delay
2023-10-26 13:50:15,097 IC: False | CON: 59; NOCON: 33 in 0:42:46 with 0.1s delay
2023-10-26 13:50:31,926 IC: True | CON: 72; NOCON: 20 in 0:43:03 with 0.1s delay
2023-10-26 13:50:48,051 IC: False | CON: 59; NOCON: 40 in 0:43:19 with 0.1s delay
2023-10-26 13:51:04,482 IC: True | CON: 75; NOCON: 19 in 0:43:36 with 0.1s delay
2023-10-26 13:51:21,191 IC: False | CON: 43; NOCON: 45 in 0:43:52 with 0.1s delay
2023-10-26 13:51:37,601 IC: True | CON: 85; NOCON: 10 in 0:44:09 with 0.1s delay
2023-10-26 13:51:54,303 IC: False | CON: 54; NOCON: 36 in 0:44:25 with 0.1s delay
2023-10-26 13:52:10,199 IC: True | CON: 77; NOCON: 17 in 0:44:41 with 0.1s delay
2023-10-26 13:52:26,874 IC: False | CON: 45; NOCON: 48 in 0:44:58 with 0.1s delay
2023-10-26 13:52:44,356 IC: True | CON: 75; NOCON: 18 in 0:45:16 with 0.1s delay
2023-10-26 13:53:01,221 IC: False | CON: 44; NOCON: 45 in 0:45:32 with 0.1s delay
2023-10-26 13:53:18,594 IC: True | CON: 79; NOCON: 16 in 0:45:50 with 0.1s delay
2023-10-26 13:53:36,990 IC: False | CON: 55; NOCON: 36 in 0:46:08 with 0.1s delay
2023-10-26 13:53:54,556 IC: True | CON: 81; NOCON: 14 in 0:46:25 with 0.1s delay
2023-10-26 13:54:11,261 IC: False | CON: 55; NOCON: 30 in 0:46:42 with 0.1s delay
2023-10-26 13:54:28,964 IC: True | CON: 72; NOCON: 18 in 0:47:00 with 0.1s delay
2023-10-26 13:54:46,248 IC: False | CON: 70; NOCON: 23 in 0:47:18 with 0.1s delay
2023-10-26 13:55:03,984 IC: True | CON: 80; NOCON: 15 in 0:47:35 with 0.1s delay
2023-10-26 13:55:21,545 IC: False | CON: 46; NOCON: 52 in 0:47:53 with 0.1s delay
2023-10-26 13:55:39,494 IC: True | CON: 74; NOCON: 16 in 0:48:11 with 0.1s delay
2023-10-26 13:55:57,561 IC: False | CON: 30; NOCON: 63 in 0:48:29 with 0.1s delay
2023-10-26 13:56:14,956 IC: True | CON: 84; NOCON: 8 in 0:48:46 with 0.1s delay
2023-10-26 13:56:33,857 IC: False | CON: 48; NOCON: 44 in 0:49:05 with 0.1s delay
2023-10-26 13:56:51,861 IC: True | CON: 70; NOCON: 19 in 0:49:23 with 0.1s delay
2023-10-26 13:57:09,416 IC: False | CON: 55; NOCON: 38 in 0:49:41 with 0.1s delay
2023-10-26 13:57:26,299 IC: True | CON: 80; NOCON: 15 in 0:49:57 with 0.1s delay
2023-10-26 13:57:44,321 IC: False | CON: 65; NOCON: 26 in 0:50:16 with 0.1s delay
2023-10-26 13:58:03,331 IC: True | CON: 87; NOCON: 8 in 0:50:35 with 0.1s delay
2023-10-26 13:58:21,144 IC: False | CON: 59; NOCON: 30 in 0:50:52 with 0.1s delay
2023-10-26 13:58:40,655 IC: True | CON: 80; NOCON: 14 in 0:51:12 with 0.1s delay
2023-10-26 13:58:59,420 IC: False | CON: 57; NOCON: 37 in 0:51:31 with 0.1s delay
2023-10-26 13:59:18,045 IC: True | CON: 72; NOCON: 19 in 0:51:49 with 0.1s delay
2023-10-26 13:59:37,649 IC: False | CON: 35; NOCON: 58 in 0:52:09 with 0.1s delay
2023-10-26 13:59:56,173 IC: True | CON: 74; NOCON: 16 in 0:52:27 with 0.1s delay
2023-10-26 14:00:14,448 IC: False | CON: 68; NOCON: 25 in 0:52:46 with 0.1s delay
2023-10-26 14:00:32,920 IC: True | CON: 75; NOCON: 17 in 0:53:04 with 0.1s delay
2023-10-26 14:00:52,615 IC: False | CON: 48; NOCON: 40 in 0:53:24 with 0.1s delay
2023-10-26 14:01:12,732 IC: True | CON: 82; NOCON: 9 in 0:53:44 with 0.1s delay
2023-10-26 14:01:32,197 IC: False | CON: 53; NOCON: 40 in 0:54:03 with 0.1s delay
2023-10-26 14:01:52,355 IC: True | CON: 84; NOCON: 11 in 0:54:23 with 0.1s delay
2023-10-26 14:02:12,601 IC: False | CON: 66; NOCON: 24 in 0:54:44 with 0.1s delay
2023-10-26 14:02:31,298 IC: True | CON: 84; NOCON: 10 in 0:55:03 with 0.1s delay
2023-10-26 14:02:49,504 IC: False | CON: 41; NOCON: 49 in 0:55:21 with 0.1s delay
2023-10-26 14:03:08,830 IC: True | CON: 74; NOCON: 16 in 0:55:40 with 0.1s delay
2023-10-26 14:03:28,497 IC: False | CON: 40; NOCON: 56 in 0:56:00 with 0.1s delay
2023-10-26 14:03:49,137 IC: True | CON: 79; NOCON: 15 in 0:56:20 with 0.1s delay
2023-10-26 14:04:09,044 IC: False | CON: 61; NOCON: 33 in 0:56:40 with 0.1s delay
2023-10-26 14:04:29,150 IC: True | CON: 85; NOCON: 8 in 0:57:00 with 0.1s delay
2023-10-26 14:04:49,594 IC: False | CON: 63; NOCON: 32 in 0:57:21 with 0.1s delay
2023-10-26 14:05:10,741 IC: True | CON: 83; NOCON: 11 in 0:57:42 with 0.1s delay
2023-10-26 14:05:30,693 IC: False | CON: 71; NOCON: 20 in 0:58:02 with 0.1s delay
2023-10-26 14:05:51,486 IC: True | CON: 73; NOCON: 19 in 0:58:23 with 0.1s delay
2023-10-26 14:06:12,708 IC: False | CON: 49; NOCON: 42 in 0:58:44 with 0.1s delay
2023-10-26 14:06:32,944 IC: True | CON: 73; NOCON: 17 in 0:59:04 with 0.1s delay
2023-10-26 14:06:53,957 IC: False | CON: 65; NOCON: 28 in 0:59:25 with 0.1s delay
2023-10-26 14:07:13,152 IC: True | CON: 87; NOCON: 8 in 0:59:44 with 0.1s delay
2023-10-26 14:07:32,380 IC: False | CON: 55; NOCON: 39 in 1:00:03 with 0.1s delay
2023-10-26 14:09:32,539 [+] Finished in 1:02:04
